TN:
SF:C:\temp\PartialClass.cs
FN:21,SomeProperty()
FN:24,SomeProperty(System.Int32)
FN:8,ExecutedMethod_1()
FN:13,UnExecutedMethod_1()
FNDA:0,SomeProperty()
FNDA:1,SomeProperty(System.Int32)
FNDA:1,ExecutedMethod_1()
FNDA:0,UnExecutedMethod_1()
FNF:4
FNH:2
BRDA:25,25,0,1
BRDA:25,25,1,-
BRF:2
BRH:1
DA:8,1
DA:9,1
DA:10,1
DA:13,0
DA:14,0
DA:15,0
DA:21,0
DA:24,1
DA:25,1
DA:26,1
DA:27,1
DA:28,1
DA:30,0
DA:31,0
DA:32,0
DA:33,1
LH:9
LF:16
end_of_record
SF:C:\temp\PartialClass2.cs
FN:8,ExecutedMethod_2()
FN:13,UnExecutedMethod_2()
FNDA:1,ExecutedMethod_2()
FNDA:0,UnExecutedMethod_2()
FNF:2
FNH:1
BRF:0
BRH:0
DA:8,1
DA:9,1
DA:10,1
DA:13,0
DA:14,0
DA:15,0
LH:3
LF:6
end_of_record
SF:C:\temp\TestClass.cs
FN:8,SampleFunction()
FN:30,SampleFunction()
FNDA:1,SampleFunction()
FNDA:0,SampleFunction()
FNF:2
FNH:1
BRDA:17,17,2,1
BRDA:17,17,3,-
BRF:2
BRH:1
DA:8,1
DA:9,1
DA:10,1
DA:11,1
DA:12,1
DA:14,1
DA:15,1
DA:17,1
DA:18,1
DA:19,1
DA:20,1
DA:22,0
DA:23,0
DA:24,0
DA:25,1
DA:30,0
DA:31,0
DA:32,0
DA:33,0
DA:34,0
DA:35,0
LH:12
LF:21
end_of_record
SF:C:\temp\Program.cs
FN:12,Main(System.String[])
FN:51,CSharp_ExecuteTest1()
FN:57,CSharp_ExecuteTest2()
FN:73,.ctor(System.Net.Http.HttpResponseMessage)
FN:79,SendAsync(System.Net.Http.HttpRequestMessage,System.Threading.CancellationToken)
FN:62,CallAsyncMethod()
FNDA:1,Main(System.String[])
FNDA:0,CSharp_ExecuteTest1()
FNDA:0,CSharp_ExecuteTest2()
FNDA:1,.ctor(System.Net.Http.HttpResponseMessage)
FNDA:1,SendAsync(System.Net.Http.HttpRequestMessage,System.Threading.CancellationToken)
FNDA:1,CallAsyncMethod()
FNF:6
FNH:4
BRF:0
BRH:0
DA:12,1
DA:13,1
DA:15,1
DA:16,1
DA:18,1
DA:19,1
DA:20,1
DA:22,1
DA:23,1
DA:25,1
DA:27,1
DA:28,1
DA:30,1
DA:31,1
DA:33,1
DA:35,1
DA:36,1
DA:38,1
DA:41,1
DA:42,1
DA:43,1
DA:44,0
DA:45,0
DA:46,0
DA:47,1
DA:51,0
DA:52,0
DA:53,0
DA:57,0
DA:58,0
DA:59,0
DA:62,1
DA:63,1
DA:64,1
DA:65,1
DA:66,1
DA:67,1
DA:73,1
DA:74,1
DA:75,1
DA:76,1
DA:79,1
DA:80,1
DA:81,1
LH:35
LF:44
end_of_record
SF:C:\temp\TestClass2.cs
FN:13,ExecutedProperty()
FN:13,ExecutedProperty(System.String)
FN:15,UnExecutedProperty()
FN:15,UnExecutedProperty(System.String)
FN:11,.ctor()
FN:11,.ctor(System.String)
FN:30,ExecutedMethod()
FN:36,UnExecutedMethod()
FN:42,SampleFunction(System.String)
FN:80,DoSomething(System.String,System.String[],System.Guid,System.Collections.Generic.IEnumerable`1<System.String>,System.Collections.Generic.IList`1<System.String>,System.Decimal,System.Int32,System.Collections.Generic.Dictionary`2<System.String,System.Int32>,System.Int32&,System.Single,System.Double,System.Boolean,System.Byte,System.Char,System.Object,System.SByte,System.Int16,System.UInt32,System.UInt64,System.UInt16)
FNDA:3,ExecutedProperty()
FNDA:3,ExecutedProperty(System.String)
FNDA:0,UnExecutedProperty()
FNDA:0,UnExecutedProperty(System.String)
FNDA:2,.ctor()
FNDA:2,.ctor(System.String)
FNDA:1,ExecutedMethod()
FNDA:0,UnExecutedMethod()
FNDA:1,SampleFunction(System.String)
FNDA:0,DoSomething(System.String,System.String[],System.Guid,System.Collections.Generic.IEnumerable`1<System.String>,System.Collections.Generic.IList`1<System.String>,System.Decimal,System.Int32,System.Collections.Generic.Dictionary`2<System.String,System.Int32>,System.Int32&,System.Single,System.Double,System.Boolean,System.Byte,System.Char,System.Object,System.SByte,System.Int16,System.UInt32,System.UInt64,System.UInt16)
FNF:10
FNH:6
BRDA:54,54,4,1
BRDA:54,54,5,-
BRF:2
BRH:1
DA:11,2
DA:13,3
DA:15,0
DA:17,0
DA:18,0
DA:19,0
DA:20,0
DA:21,0
DA:23,2
DA:24,2
DA:25,2
DA:26,2
DA:27,2
DA:30,1
DA:31,1
DA:32,1
DA:33,1
DA:36,0
DA:37,0
DA:38,0
DA:39,0
DA:42,1
DA:43,1
DA:45,5
DA:47,11
DA:48,4
DA:49,4
DA:50,4
DA:52,1
DA:54,4
DA:55,1
DA:56,1
DA:57,1
DA:58,1
DA:80,0
DA:81,0
DA:82,0
DA:83,0
LH:24
LF:38
end_of_record
