TN:
SF:C:\temp\PartialClass.cs
FN:21,SomeProperty()
FN:24,SomeProperty(System.Int32)
FN:8,ExecutedMethod_1()
FN:13,UnExecutedMethod_1()
FNDA:0,SomeProperty()
FNDA:1,SomeProperty(System.Int32)
FNDA:1,ExecutedMethod_1()
FNDA:0,UnExecutedMethod_1()
FNF:4
FNH:2
BRDA:25,25,0,1
BRDA:25,25,1,-
BRF:2
BRH:1
DA:8,1
DA:9,1
DA:10,1
DA:13,0
DA:14,0
DA:15,0
DA:21,0
DA:24,1
DA:25,1
DA:26,1
DA:27,1
DA:28,1
DA:30,0
DA:31,0
DA:32,0
DA:33,1
LH:9
LF:16
end_of_record
SF:C:\temp\PartialClass2.cs
FN:8,ExecutedMethod_2()
FN:13,UnExecutedMethod_2()
FNDA:1,ExecutedMethod_2()
FNDA:0,UnExecutedMethod_2()
FNF:2
FNH:1
BRF:0
BRH:0
DA:8,1
DA:9,1
DA:10,1
DA:13,0
DA:14,0
DA:15,0
LH:3
LF:6
end_of_record
SF:C:\temp\Program.cs
FN:73,.ctor(System.Net.Http.HttpResponseMessage)
FN:79,SendAsync(System.Net.Http.HttpRequestMessage,System.Threading.CancellationToken)
FN:62,CallAsyncMethod()
FNDA:1,.ctor(System.Net.Http.HttpResponseMessage)
FNDA:1,SendAsync(System.Net.Http.HttpRequestMessage,System.Threading.CancellationToken)
FNDA:1,CallAsyncMethod()
FNF:3
FNH:3
BRF:0
BRH:0
DA:22,2
DA:50,2
DA:62,1
DA:63,1
DA:64,1
DA:65,1
DA:66,1
DA:67,1
DA:73,1
DA:74,1
DA:75,1
DA:76,1
DA:79,1
DA:80,1
DA:81,1
LH:15
LF:15
end_of_record
SF:C:\temp\TestClass.cs
FN:9,SampleFunction()
FN:29,ParentMethod()
FN:41,MethodWithLambda()
FN:35,NestedLocalFunction(System.String)
FN:52,SampleFunction()
FNDA:2,SampleFunction()
FNDA:2,ParentMethod()
FNDA:2,MethodWithLambda()
FNDA:2,NestedLocalFunction(System.String)
FNDA:0,SampleFunction()
FNF:5
FNH:4
BRDA:18,18,2,-
BRDA:18,18,3,2
BRDA:18,18,4,2
BRDA:18,18,5,-
BRF:4
BRH:2
DA:9,2
DA:10,2
DA:11,2
DA:12,2
DA:13,2
DA:15,2
DA:16,2
DA:18,2
DA:19,2
DA:20,2
DA:21,2
DA:23,0
DA:24,0
DA:25,0
DA:26,2
DA:29,2
DA:30,2
DA:32,2
DA:35,2
DA:36,2
DA:37,2
DA:38,2
DA:41,2
DA:42,8
DA:44,8
DA:46,2
DA:47,2
DA:52,0
DA:53,0
DA:54,0
DA:55,0
DA:56,0
DA:57,0
LH:24
LF:33
end_of_record
SF:C:\temp\TestClass2.cs
FN:13,ExecutedProperty()
FN:13,ExecutedProperty(System.String)
FN:15,UnExecutedProperty()
FN:15,UnExecutedProperty(System.String)
FN:11,.ctor()
FN:11,.ctor(System.String)
FN:30,ExecutedMethod()
FN:36,UnExecutedMethod()
FN:42,SampleFunction(System.String)
FN:80,DoSomething(System.String,System.String[],System.Guid,System.Collections.Generic.IEnumerable`1<System.String>,System.Collections.Generic.IList`1<System.String>,System.Decimal,System.Int32,System.Collections.Generic.Dictionary`2<System.String,System.Int32>,System.Int32&,System.Single,System.Double,System.Boolean,System.Byte,System.Char,System.Object,System.SByte,System.Int16,System.UInt32,System.UInt64,System.UInt16)
FNDA:3,ExecutedProperty()
FNDA:3,ExecutedProperty(System.String)
FNDA:0,UnExecutedProperty()
FNDA:0,UnExecutedProperty(System.String)
FNDA:2,.ctor()
FNDA:2,.ctor(System.String)
FNDA:1,ExecutedMethod()
FNDA:0,UnExecutedMethod()
FNDA:1,SampleFunction(System.String)
FNDA:0,DoSomething(System.String,System.String[],System.Guid,System.Collections.Generic.IEnumerable`1<System.String>,System.Collections.Generic.IList`1<System.String>,System.Decimal,System.Int32,System.Collections.Generic.Dictionary`2<System.String,System.Int32>,System.Int32&,System.Single,System.Double,System.Boolean,System.Byte,System.Char,System.Object,System.SByte,System.Int16,System.UInt32,System.UInt64,System.UInt16)
FNF:10
FNH:6
BRDA:54,54,6,1
BRDA:54,54,7,-
BRF:2
BRH:1
DA:11,2
DA:13,3
DA:15,0
DA:17,0
DA:18,0
DA:19,0
DA:20,0
DA:21,0
DA:23,2
DA:24,2
DA:25,2
DA:26,2
DA:27,2
DA:30,1
DA:31,1
DA:32,1
DA:33,1
DA:36,0
DA:37,0
DA:38,0
DA:39,0
DA:42,1
DA:43,1
DA:45,5
DA:47,11
DA:48,4
DA:49,4
DA:50,4
DA:52,1
DA:54,4
DA:55,1
DA:56,1
DA:57,1
DA:58,1
DA:80,0
DA:81,0
DA:82,0
DA:83,0
LH:24
LF:38
end_of_record
