<root>
  <CoverageSession xmlns:xsd="http://www.w3.org/2001/XMLSchema" xmlns:xsi="http://www.w3.org/2001/XMLSchema-instance">
    <Summary numSequencePoints="110" visitedSequencePoints="75" numBranchPoints="33" visitedBranchPoints="20" sequenceCoverage="68.18" branchCoverage="60.61" maxCyclomaticComplexity="5" minCyclomaticComplexity="0" />
    <Modules>
      <Module skippedDueTo="Filter" hash="1C-14-EF-7D-5A-01-7B-5A-59-2C-0B-20-CA-15-5F-9F-6F-18-E5-6C">
        <FullName>C:\Windows\Microsoft.Net\assembly\GAC_64\mscorlib\v4.0_4.0.0.0__b77a5c561934e089\mscorlib.dll</FullName>
        <ModuleName>mscorlib</ModuleName>
        <Classes />
      </Module>
      <Module hash="87-8A-6A-09-8E-5D-53-7B-6C-7B-F8-53-DF-AF-6B-02-DA-C7-92-F2">
        <Summary numSequencePoints="110" visitedSequencePoints="75" numBranchPoints="33" visitedBranchPoints="20" sequenceCoverage="68.18" branchCoverage="60.61" maxCyclomaticComplexity="5" minCyclomaticComplexity="0" />
        <FullName>C:\temp\Test.exe</FullName>
        <ModuleName>Test</ModuleName>
        <Files>
          <File uid="1" fullPath="C:\temp\ClassWithExcludes.cs" />
          <File uid="2" fullPath="C:\temp\GenericClass.cs" />
          <File uid="4" fullPath="C:\temp\PartialClass2.cs" />
          <File uid="5" fullPath="C:\temp\PartialClass.cs" />
          <File uid="6" fullPath="C:\temp\Program.cs" />
          <File uid="7" fullPath="C:\temp\TestClass.cs" />
          <File uid="9" fullPath="C:\temp\TestClass2.cs" />
        </Files>
        <Classes>
          <Class>
            <Summary numSequencePoints="0" visitedSequencePoints="0" numBranchPoints="0" visitedBranchPoints="0" sequenceCoverage="0" branchCoverage="0" maxCyclomaticComplexity="0" minCyclomaticComplexity="0" />
            <FullName>&lt;Module&gt;</FullName>
            <Methods />
          </Class>
          <Class>
            <Summary numSequencePoints="3" visitedSequencePoints="3" numBranchPoints="1" visitedBranchPoints="1" sequenceCoverage="100" branchCoverage="100" maxCyclomaticComplexity="1" minCyclomaticComplexity="1" />
            <FullName>Test.ClassWithExcludes</FullName>
            <Methods>
              <Method visited="false" cyclomaticComplexity="1" sequenceCoverage="0" branchCoverage="0" isConstructor="false" isStatic="false" isGetter="true" isSetter="false">
                <Summary numSequencePoints="0" visitedSequencePoints="0" numBranchPoints="0" visitedBranchPoints="0" sequenceCoverage="0" branchCoverage="0" maxCyclomaticComplexity="1" minCyclomaticComplexity="1" />
                <MetadataToken>100663297</MetadataToken>
                <Name>System.String Test.ClassWithExcludes::get_IncludedProperty()</Name>
                <SequencePoints />
                <BranchPoints />
                <MethodPoint vc="0" uspid="1" ordinal="0" offset="0" />
              </Method>
              <Method visited="true" cyclomaticComplexity="1" sequenceCoverage="0" branchCoverage="0" isConstructor="false" isStatic="false" isGetter="false" isSetter="true">
                <Summary numSequencePoints="0" visitedSequencePoints="0" numBranchPoints="0" visitedBranchPoints="0" sequenceCoverage="0" branchCoverage="0" maxCyclomaticComplexity="1" minCyclomaticComplexity="1" />
                <MetadataToken>100663298</MetadataToken>
                <Name>System.Void Test.ClassWithExcludes::set_IncludedProperty(System.String)</Name>
                <SequencePoints />
                <BranchPoints />
                <MethodPoint vc="1" uspid="2" ordinal="0" offset="0" />
              </Method>
              <Method skippedDueTo="Attribute" visited="false" cyclomaticComplexity="1" sequenceCoverage="0" branchCoverage="0" isConstructor="false" isStatic="false" isGetter="true" isSetter="false">
                <MetadataToken>100663299</MetadataToken>
                <Name>System.String Test.ClassWithExcludes::get_ExcludedProperty()</Name>
              </Method>
              <Method skippedDueTo="Attribute" visited="false" cyclomaticComplexity="1" sequenceCoverage="0" branchCoverage="0" isConstructor="false" isStatic="false" isGetter="false" isSetter="true">
                <MetadataToken>100663300</MetadataToken>
                <Name>System.Void Test.ClassWithExcludes::set_ExcludedProperty(System.String)</Name>
              </Method>
              <Method visited="true" cyclomaticComplexity="1" sequenceCoverage="100" branchCoverage="100" isConstructor="false" isStatic="false" isGetter="false" isSetter="false">
                <Summary numSequencePoints="3" visitedSequencePoints="3" numBranchPoints="1" visitedBranchPoints="1" sequenceCoverage="100" branchCoverage="100" maxCyclomaticComplexity="1" minCyclomaticComplexity="1" />
                <MetadataToken>100663301</MetadataToken>
                <Name>System.Void Test.ClassWithExcludes::IncludedMethod()</Name>
                <FileRef uid="1" />
                <SequencePoints>
                  <SequencePoint vc="1" uspid="3" ordinal="0" offset="0" sl="12" sc="9" el="12" ec="10" bec="0" bev="0" fileid="1" />
                  <SequencePoint vc="1" uspid="4" ordinal="1" offset="1" sl="13" sc="13" el="13" ec="44" bec="0" bev="0" fileid="1" />
                  <SequencePoint vc="1" uspid="5" ordinal="2" offset="13" sl="14" sc="9" el="14" ec="10" bec="0" bev="0" fileid="1" />
                </SequencePoints>
                <BranchPoints />
                <MethodPoint xsi:type="SequencePoint" vc="1" uspid="3" ordinal="0" offset="0" sl="12" sc="9" el="12" ec="10" bec="0" bev="0" fileid="1" />
              </Method>
              <Method skippedDueTo="Attribute" visited="false" cyclomaticComplexity="1" sequenceCoverage="0" branchCoverage="0" isConstructor="false" isStatic="false" isGetter="false" isSetter="false">
                <MetadataToken>100663302</MetadataToken>
                <Name>System.Void Test.ClassWithExcludes::ExcludedMethod()</Name>
                <FileRef uid="1" />
              </Method>
              <Method visited="true" cyclomaticComplexity="1" sequenceCoverage="0" branchCoverage="0" isConstructor="true" isStatic="false" isGetter="false" isSetter="false">
                <Summary numSequencePoints="0" visitedSequencePoints="0" numBranchPoints="0" visitedBranchPoints="0" sequenceCoverage="0" branchCoverage="0" maxCyclomaticComplexity="1" minCyclomaticComplexity="1" />
                <MetadataToken>100663303</MetadataToken>
                <Name>System.Void Test.ClassWithExcludes::.ctor()</Name>
                <SequencePoints />
                <BranchPoints />
                <MethodPoint vc="2" uspid="6" ordinal="0" offset="0" />
              </Method>
            </Methods>
          </Class>
          <Class skippedDueTo="Attribute">
            <FullName>Test.CoverageExcludeAttribute</FullName>
            <Methods />
          </Class>
          <Class>
            <Summary numSequencePoints="3" visitedSequencePoints="0" numBranchPoints="1" visitedBranchPoints="0" sequenceCoverage="0" branchCoverage="0" maxCyclomaticComplexity="1" minCyclomaticComplexity="1" />
            <FullName>Test.AbstractGenericClass`2</FullName>
            <Methods>
              <Method visited="false" cyclomaticComplexity="1" sequenceCoverage="0" branchCoverage="0" isConstructor="false" isStatic="false" isGetter="false" isSetter="false">
                <Summary numSequencePoints="3" visitedSequencePoints="0" numBranchPoints="1" visitedBranchPoints="0" sequenceCoverage="0" branchCoverage="0" maxCyclomaticComplexity="1" minCyclomaticComplexity="1" />
                <MetadataToken>100663306</MetadataToken>
                <Name>System.Boolean Test.AbstractGenericClass`2::PostProcess(Test.ISomeObjectInterface`2&lt;TModel,TState&gt;)</Name>
                <FileRef uid="2" />
                <SequencePoints>
                  <SequencePoint vc="0" uspid="7" ordinal="0" offset="0" sl="12" sc="9" el="12" ec="10" bec="0" bev="0" fileid="2" />
                  <SequencePoint vc="0" uspid="8" ordinal="1" offset="1" sl="13" sc="13" el="13" ec="25" bec="0" bev="0" fileid="2" />
                  <SequencePoint vc="0" uspid="9" ordinal="2" offset="5" sl="14" sc="9" el="14" ec="10" bec="0" bev="0" fileid="2" />
                </SequencePoints>
                <BranchPoints />
                <MethodPoint xsi:type="SequencePoint" vc="0" uspid="7" ordinal="0" offset="0" sl="12" sc="9" el="12" ec="10" bec="0" bev="0" fileid="2" />
              </Method>
              <Method visited="true" cyclomaticComplexity="1" sequenceCoverage="0" branchCoverage="0" isConstructor="true" isStatic="false" isGetter="false" isSetter="false">
                <Summary numSequencePoints="0" visitedSequencePoints="0" numBranchPoints="0" visitedBranchPoints="0" sequenceCoverage="0" branchCoverage="0" maxCyclomaticComplexity="1" minCyclomaticComplexity="1" />
                <MetadataToken>100663307</MetadataToken>
                <Name>System.Void Test.AbstractGenericClass`2::.ctor()</Name>
                <SequencePoints />
                <BranchPoints />
                <MethodPoint vc="2" uspid="10" ordinal="0" offset="0" />
              </Method>
            </Methods>
          </Class>
          <Class>
            <Summary numSequencePoints="8" visitedSequencePoints="8" numBranchPoints="2" visitedBranchPoints="2" sequenceCoverage="100" branchCoverage="100" maxCyclomaticComplexity="1" minCyclomaticComplexity="1" />
            <FullName>Test.GenericClass`2</FullName>
            <Methods>
              <Method visited="true" cyclomaticComplexity="1" sequenceCoverage="100" branchCoverage="100" isConstructor="false" isStatic="false" isGetter="false" isSetter="false">
                <Summary numSequencePoints="4" visitedSequencePoints="4" numBranchPoints="1" visitedBranchPoints="1" sequenceCoverage="100" branchCoverage="100" maxCyclomaticComplexity="1" minCyclomaticComplexity="1" />
                <MetadataToken>100663308</MetadataToken>
                <Name>System.Boolean Test.GenericClass`2::Process(Test.ISomeObjectInterface`2&lt;TModel,TState&gt;)</Name>
                <FileRef uid="2" />
                <SequencePoints>
                  <SequencePoint vc="1" uspid="11" ordinal="0" offset="0" sl="22" sc="9" el="22" ec="10" bec="0" bev="0" fileid="2" />
                  <SequencePoint vc="1" uspid="12" ordinal="1" offset="1" sl="23" sc="13" el="23" ec="42" bec="0" bev="0" fileid="2" />
                  <SequencePoint vc="1" uspid="13" ordinal="2" offset="12" sl="24" sc="13" el="24" ec="25" bec="0" bev="0" fileid="2" />
                  <SequencePoint vc="1" uspid="14" ordinal="3" offset="16" sl="25" sc="9" el="25" ec="10" bec="0" bev="0" fileid="2" />
                </SequencePoints>
                <BranchPoints />
                <MethodPoint xsi:type="SequencePoint" vc="1" uspid="11" ordinal="0" offset="0" sl="22" sc="9" el="22" ec="10" bec="0" bev="0" fileid="2" />
              </Method>
              <Method visited="true" cyclomaticComplexity="1" sequenceCoverage="100" branchCoverage="100" isConstructor="false" isStatic="false" isGetter="false" isSetter="false">
                <Summary numSequencePoints="4" visitedSequencePoints="4" numBranchPoints="1" visitedBranchPoints="1" sequenceCoverage="100" branchCoverage="100" maxCyclomaticComplexity="1" minCyclomaticComplexity="1" />
                <MetadataToken>100663309</MetadataToken>
                <Name>System.Boolean Test.GenericClass`2::PostProcess(Test.ISomeObjectInterface`2&lt;TModel,TState&gt;)</Name>
                <FileRef uid="2" />
                <SequencePoints>
                  <SequencePoint vc="1" uspid="15" ordinal="0" offset="0" sl="28" sc="9" el="28" ec="10" bec="0" bev="0" fileid="2" />
                  <SequencePoint vc="1" uspid="16" ordinal="1" offset="1" sl="29" sc="13" el="29" ec="46" bec="0" bev="0" fileid="2" />
                  <SequencePoint vc="1" uspid="17" ordinal="2" offset="12" sl="30" sc="13" el="30" ec="25" bec="0" bev="0" fileid="2" />
                  <SequencePoint vc="1" uspid="18" ordinal="3" offset="16" sl="31" sc="9" el="31" ec="10" bec="0" bev="0" fileid="2" />
                </SequencePoints>
                <BranchPoints />
                <MethodPoint xsi:type="SequencePoint" vc="1" uspid="15" ordinal="0" offset="0" sl="28" sc="9" el="28" ec="10" bec="0" bev="0" fileid="2" />
              </Method>
              <Method visited="true" cyclomaticComplexity="1" sequenceCoverage="0" branchCoverage="0" isConstructor="true" isStatic="false" isGetter="false" isSetter="false">
                <Summary numSequencePoints="0" visitedSequencePoints="0" numBranchPoints="0" visitedBranchPoints="0" sequenceCoverage="0" branchCoverage="0" maxCyclomaticComplexity="1" minCyclomaticComplexity="1" />
                <MetadataToken>100663310</MetadataToken>
                <Name>System.Void Test.GenericClass`2::.ctor()</Name>
                <SequencePoints />
                <BranchPoints />
                <MethodPoint vc="2" uspid="19" ordinal="0" offset="0" />
              </Method>
            </Methods>
          </Class>
          <Class>
            <Summary numSequencePoints="0" visitedSequencePoints="0" numBranchPoints="0" visitedBranchPoints="0" sequenceCoverage="0" branchCoverage="0" maxCyclomaticComplexity="1" minCyclomaticComplexity="1" />
            <FullName>Test.SomeModel</FullName>
            <Methods>
              <Method visited="false" cyclomaticComplexity="1" sequenceCoverage="0" branchCoverage="0" isConstructor="true" isStatic="false" isGetter="false" isSetter="false">
                <Summary numSequencePoints="0" visitedSequencePoints="0" numBranchPoints="0" visitedBranchPoints="0" sequenceCoverage="0" branchCoverage="0" maxCyclomaticComplexity="1" minCyclomaticComplexity="1" />
                <MetadataToken>100663311</MetadataToken>
                <Name>System.Void Test.SomeModel::.ctor()</Name>
                <SequencePoints />
                <BranchPoints />
                <MethodPoint vc="0" uspid="20" ordinal="0" offset="0" />
              </Method>
            </Methods>
          </Class>
          <Class>
            <Summary numSequencePoints="0" visitedSequencePoints="0" numBranchPoints="0" visitedBranchPoints="0" sequenceCoverage="0" branchCoverage="0" maxCyclomaticComplexity="1" minCyclomaticComplexity="1" />
            <FullName>Test.SomeClass</FullName>
            <Methods>
              <Method visited="false" cyclomaticComplexity="1" sequenceCoverage="0" branchCoverage="0" isConstructor="false" isStatic="false" isGetter="true" isSetter="false">
                <Summary numSequencePoints="0" visitedSequencePoints="0" numBranchPoints="0" visitedBranchPoints="0" sequenceCoverage="0" branchCoverage="0" maxCyclomaticComplexity="1" minCyclomaticComplexity="1" />
                <MetadataToken>100663312</MetadataToken>
                <Name>System.String Test.SomeClass::get_Property1()</Name>
                <SequencePoints />
                <BranchPoints />
                <MethodPoint vc="0" uspid="21" ordinal="0" offset="0" />
              </Method>
              <Method visited="true" cyclomaticComplexity="1" sequenceCoverage="0" branchCoverage="0" isConstructor="false" isStatic="false" isGetter="false" isSetter="true">
                <Summary numSequencePoints="0" visitedSequencePoints="0" numBranchPoints="0" visitedBranchPoints="0" sequenceCoverage="0" branchCoverage="0" maxCyclomaticComplexity="1" minCyclomaticComplexity="1" />
                <MetadataToken>100663313</MetadataToken>
                <Name>System.Void Test.SomeClass::set_Property1(System.String)</Name>
                <SequencePoints />
                <BranchPoints />
                <MethodPoint vc="1" uspid="22" ordinal="0" offset="0" />
              </Method>
              <Method visited="true" cyclomaticComplexity="1" sequenceCoverage="0" branchCoverage="0" isConstructor="true" isStatic="false" isGetter="false" isSetter="false">
                <Summary numSequencePoints="0" visitedSequencePoints="0" numBranchPoints="0" visitedBranchPoints="0" sequenceCoverage="0" branchCoverage="0" maxCyclomaticComplexity="1" minCyclomaticComplexity="1" />
                <MetadataToken>100663314</MetadataToken>
                <Name>System.Void Test.SomeClass::.ctor()</Name>
                <SequencePoints />
                <BranchPoints />
                <MethodPoint vc="1" uspid="23" ordinal="0" offset="0" />
              </Method>
            </Methods>
          </Class>
          <Class>
            <Summary numSequencePoints="0" visitedSequencePoints="0" numBranchPoints="0" visitedBranchPoints="0" sequenceCoverage="0" branchCoverage="0" maxCyclomaticComplexity="1" minCyclomaticComplexity="1" />
            <FullName>Test.PartialClassWithAutoProperties</FullName>
            <Methods>
              <Method visited="false" cyclomaticComplexity="1" sequenceCoverage="0" branchCoverage="0" isConstructor="false" isStatic="false" isGetter="true" isSetter="false">
                <Summary numSequencePoints="0" visitedSequencePoints="0" numBranchPoints="0" visitedBranchPoints="0" sequenceCoverage="0" branchCoverage="0" maxCyclomaticComplexity="1" minCyclomaticComplexity="1" />
                <MetadataToken>100663315</MetadataToken>
                <Name>System.String Test.PartialClassWithAutoProperties::get_Property2()</Name>
                <SequencePoints />
                <BranchPoints />
                <MethodPoint vc="0" uspid="24" ordinal="0" offset="0" />
              </Method>
              <Method visited="true" cyclomaticComplexity="1" sequenceCoverage="0" branchCoverage="0" isConstructor="false" isStatic="false" isGetter="false" isSetter="true">
                <Summary numSequencePoints="0" visitedSequencePoints="0" numBranchPoints="0" visitedBranchPoints="0" sequenceCoverage="0" branchCoverage="0" maxCyclomaticComplexity="1" minCyclomaticComplexity="1" />
                <MetadataToken>100663316</MetadataToken>
                <Name>System.Void Test.PartialClassWithAutoProperties::set_Property2(System.String)</Name>
                <SequencePoints />
                <BranchPoints />
                <MethodPoint vc="1" uspid="25" ordinal="0" offset="0" />
              </Method>
              <Method visited="false" cyclomaticComplexity="1" sequenceCoverage="0" branchCoverage="0" isConstructor="false" isStatic="false" isGetter="true" isSetter="false">
                <Summary numSequencePoints="0" visitedSequencePoints="0" numBranchPoints="0" visitedBranchPoints="0" sequenceCoverage="0" branchCoverage="0" maxCyclomaticComplexity="1" minCyclomaticComplexity="1" />
                <MetadataToken>100663317</MetadataToken>
                <Name>System.String Test.PartialClassWithAutoProperties::get_Property1()</Name>
                <SequencePoints />
                <BranchPoints />
                <MethodPoint vc="0" uspid="26" ordinal="0" offset="0" />
              </Method>
              <Method visited="true" cyclomaticComplexity="1" sequenceCoverage="0" branchCoverage="0" isConstructor="false" isStatic="false" isGetter="false" isSetter="true">
                <Summary numSequencePoints="0" visitedSequencePoints="0" numBranchPoints="0" visitedBranchPoints="0" sequenceCoverage="0" branchCoverage="0" maxCyclomaticComplexity="1" minCyclomaticComplexity="1" />
                <MetadataToken>100663318</MetadataToken>
                <Name>System.Void Test.PartialClassWithAutoProperties::set_Property1(System.String)</Name>
                <SequencePoints />
                <BranchPoints />
                <MethodPoint vc="1" uspid="27" ordinal="0" offset="0" />
              </Method>
              <Method visited="true" cyclomaticComplexity="1" sequenceCoverage="0" branchCoverage="0" isConstructor="true" isStatic="false" isGetter="false" isSetter="false">
                <Summary numSequencePoints="0" visitedSequencePoints="0" numBranchPoints="0" visitedBranchPoints="0" sequenceCoverage="0" branchCoverage="0" maxCyclomaticComplexity="1" minCyclomaticComplexity="1" />
                <MetadataToken>100663319</MetadataToken>
                <Name>System.Void Test.PartialClassWithAutoProperties::.ctor()</Name>
                <SequencePoints />
                <BranchPoints />
                <MethodPoint vc="2" uspid="28" ordinal="0" offset="0" />
              </Method>
            </Methods>
          </Class>
          <Class>
            <Summary numSequencePoints="24" visitedSequencePoints="12" numBranchPoints="8" visitedBranchPoints="4" sequenceCoverage="50" branchCoverage="50" maxCyclomaticComplexity="2" minCyclomaticComplexity="1" />
            <FullName>Test.PartialClass</FullName>
            <Methods>
              <Method visited="false" cyclomaticComplexity="1" sequenceCoverage="0" branchCoverage="0" isConstructor="false" isStatic="false" isGetter="true" isSetter="false">
                <Summary numSequencePoints="3" visitedSequencePoints="0" numBranchPoints="1" visitedBranchPoints="0" sequenceCoverage="0" branchCoverage="0" maxCyclomaticComplexity="1" minCyclomaticComplexity="1" />
                <MetadataToken>100663324</MetadataToken>
                <Name>System.Int32 Test.PartialClass::get_SomeProperty()</Name>
                <FileRef uid="5" />
                <SequencePoints>
                  <SequencePoint vc="0" uspid="29" ordinal="0" offset="0" sl="21" sc="17" el="21" ec="18" bec="0" bev="0" fileid="5" />
                  <SequencePoint vc="0" uspid="30" ordinal="1" offset="1" sl="21" sc="19" el="21" ec="44" bec="0" bev="0" fileid="5" />
                  <SequencePoint vc="0" uspid="31" ordinal="2" offset="10" sl="21" sc="45" el="21" ec="46" bec="0" bev="0" fileid="5" />
                </SequencePoints>
                <BranchPoints />
                <MethodPoint xsi:type="SequencePoint" vc="0" uspid="29" ordinal="0" offset="0" sl="21" sc="17" el="21" ec="18" bec="0" bev="0" fileid="5" />
              </Method>
              <Method visited="true" cyclomaticComplexity="2" sequenceCoverage="66.67" branchCoverage="66.67" isConstructor="false" isStatic="false" isGetter="false" isSetter="true">
                <Summary numSequencePoints="9" visitedSequencePoints="6" numBranchPoints="3" visitedBranchPoints="2" sequenceCoverage="66.67" branchCoverage="66.67" maxCyclomaticComplexity="2" minCyclomaticComplexity="2" />
                <MetadataToken>100663325</MetadataToken>
                <Name>System.Void Test.PartialClass::set_SomeProperty(System.Int32)</Name>
                <FileRef uid="5" />
                <SequencePoints>
                  <SequencePoint vc="1" uspid="32" ordinal="0" offset="0" sl="24" sc="13" el="24" ec="14" bec="0" bev="0" fileid="5" />
                  <SequencePoint vc="1" uspid="33" ordinal="1" offset="1" sl="25" sc="17" el="25" ec="31" bec="2" bev="1" fileid="5" />
                  <SequencePoint vc="1" uspid="34" ordinal="2" offset="12" sl="26" sc="17" el="26" ec="18" bec="0" bev="0" fileid="5" />
                  <SequencePoint vc="1" uspid="35" ordinal="3" offset="13" sl="27" sc="21" el="27" ec="43" bec="0" bev="0" fileid="5" />
                  <SequencePoint vc="1" uspid="36" ordinal="4" offset="20" sl="28" sc="17" el="28" ec="18" bec="0" bev="0" fileid="5" />
                  <SequencePoint vc="0" uspid="37" ordinal="5" offset="23" sl="30" sc="17" el="30" ec="18" bec="0" bev="0" fileid="5" />
                  <SequencePoint vc="0" uspid="38" ordinal="6" offset="24" sl="31" sc="21" el="31" ec="47" bec="0" bev="0" fileid="5" />
                  <SequencePoint vc="0" uspid="39" ordinal="7" offset="31" sl="32" sc="17" el="32" ec="18" bec="0" bev="0" fileid="5" />
                  <SequencePoint vc="1" uspid="40" ordinal="8" offset="32" sl="33" sc="13" el="33" ec="14" bec="0" bev="0" fileid="5" />
                </SequencePoints>
                <BranchPoints>
                  <BranchPoint vc="1" uspid="41" ordinal="0" offset="10" sl="25" path="0" offsetchain="" offsetend="12" />
                  <BranchPoint vc="0" uspid="42" ordinal="1" offset="10" sl="25" path="1" offsetchain="" offsetend="23" />
                </BranchPoints>
                <MethodPoint xsi:type="SequencePoint" vc="1" uspid="32" ordinal="0" offset="0" sl="24" sc="13" el="24" ec="14" bec="0" bev="0" fileid="5" />
              </Method>
              <Method visited="true" cyclomaticComplexity="1" sequenceCoverage="100" branchCoverage="100" isConstructor="false" isStatic="false" isGetter="false" isSetter="false">
                <Summary numSequencePoints="3" visitedSequencePoints="3" numBranchPoints="1" visitedBranchPoints="1" sequenceCoverage="100" branchCoverage="100" maxCyclomaticComplexity="1" minCyclomaticComplexity="1" />
                <MetadataToken>100663320</MetadataToken>
                <Name>System.Void Test.PartialClass::ExecutedMethod_2()</Name>
                <FileRef uid="4" />
                <SequencePoints>
                  <SequencePoint vc="1" uspid="43" ordinal="0" offset="0" sl="8" sc="9" el="8" ec="10" bec="0" bev="0" fileid="4" />
                  <SequencePoint vc="1" uspid="44" ordinal="1" offset="1" sl="9" sc="13" el="9" ec="39" bec="0" bev="0" fileid="4" />
                  <SequencePoint vc="1" uspid="45" ordinal="2" offset="12" sl="10" sc="9" el="10" ec="10" bec="0" bev="0" fileid="4" />
                </SequencePoints>
                <BranchPoints />
                <MethodPoint xsi:type="SequencePoint" vc="1" uspid="43" ordinal="0" offset="0" sl="8" sc="9" el="8" ec="10" bec="0" bev="0" fileid="4" />
              </Method>
              <Method visited="false" cyclomaticComplexity="1" sequenceCoverage="0" branchCoverage="0" isConstructor="false" isStatic="false" isGetter="false" isSetter="false">
                <Summary numSequencePoints="3" visitedSequencePoints="0" numBranchPoints="1" visitedBranchPoints="0" sequenceCoverage="0" branchCoverage="0" maxCyclomaticComplexity="1" minCyclomaticComplexity="1" />
                <MetadataToken>100663321</MetadataToken>
                <Name>System.Void Test.PartialClass::UnExecutedMethod_2()</Name>
                <FileRef uid="4" />
                <SequencePoints>
                  <SequencePoint vc="0" uspid="46" ordinal="0" offset="0" sl="13" sc="9" el="13" ec="10" bec="0" bev="0" fileid="4" />
                  <SequencePoint vc="0" uspid="47" ordinal="1" offset="1" sl="14" sc="13" el="14" ec="39" bec="0" bev="0" fileid="4" />
                  <SequencePoint vc="0" uspid="48" ordinal="2" offset="12" sl="15" sc="9" el="15" ec="10" bec="0" bev="0" fileid="4" />
                </SequencePoints>
                <BranchPoints />
                <MethodPoint xsi:type="SequencePoint" vc="0" uspid="46" ordinal="0" offset="0" sl="13" sc="9" el="13" ec="10" bec="0" bev="0" fileid="4" />
              </Method>
              <Method visited="true" cyclomaticComplexity="1" sequenceCoverage="100" branchCoverage="100" isConstructor="false" isStatic="false" isGetter="false" isSetter="false">
                <Summary numSequencePoints="3" visitedSequencePoints="3" numBranchPoints="1" visitedBranchPoints="1" sequenceCoverage="100" branchCoverage="100" maxCyclomaticComplexity="1" minCyclomaticComplexity="1" />
                <MetadataToken>100663322</MetadataToken>
                <Name>System.Void Test.PartialClass::ExecutedMethod_1()</Name>
                <FileRef uid="5" />
                <SequencePoints>
                  <SequencePoint vc="1" uspid="49" ordinal="0" offset="0" sl="8" sc="9" el="8" ec="10" bec="0" bev="0" fileid="5" />
                  <SequencePoint vc="1" uspid="50" ordinal="1" offset="1" sl="9" sc="13" el="9" ec="39" bec="0" bev="0" fileid="5" />
                  <SequencePoint vc="1" uspid="51" ordinal="2" offset="12" sl="10" sc="9" el="10" ec="10" bec="0" bev="0" fileid="5" />
                </SequencePoints>
                <BranchPoints />
                <MethodPoint xsi:type="SequencePoint" vc="1" uspid="49" ordinal="0" offset="0" sl="8" sc="9" el="8" ec="10" bec="0" bev="0" fileid="5" />
              </Method>
              <Method visited="false" cyclomaticComplexity="1" sequenceCoverage="0" branchCoverage="0" isConstructor="false" isStatic="false" isGetter="false" isSetter="false">
                <Summary numSequencePoints="3" visitedSequencePoints="0" numBranchPoints="1" visitedBranchPoints="0" sequenceCoverage="0" branchCoverage="0" maxCyclomaticComplexity="1" minCyclomaticComplexity="1" />
                <MetadataToken>100663323</MetadataToken>
                <Name>System.Void Test.PartialClass::UnExecutedMethod_1()</Name>
                <FileRef uid="5" />
                <SequencePoints>
                  <SequencePoint vc="0" uspid="52" ordinal="0" offset="0" sl="13" sc="9" el="13" ec="10" bec="0" bev="0" fileid="5" />
                  <SequencePoint vc="0" uspid="53" ordinal="1" offset="1" sl="14" sc="13" el="14" ec="39" bec="0" bev="0" fileid="5" />
                  <SequencePoint vc="0" uspid="54" ordinal="2" offset="12" sl="15" sc="9" el="15" ec="10" bec="0" bev="0" fileid="5" />
                </SequencePoints>
                <BranchPoints />
                <MethodPoint xsi:type="SequencePoint" vc="0" uspid="52" ordinal="0" offset="0" sl="13" sc="9" el="13" ec="10" bec="0" bev="0" fileid="5" />
              </Method>
              <Method visited="true" cyclomaticComplexity="1" sequenceCoverage="0" branchCoverage="0" isConstructor="true" isStatic="false" isGetter="false" isSetter="false">
                <Summary numSequencePoints="0" visitedSequencePoints="0" numBranchPoints="0" visitedBranchPoints="0" sequenceCoverage="0" branchCoverage="0" maxCyclomaticComplexity="1" minCyclomaticComplexity="1" />
                <MetadataToken>100663326</MetadataToken>
                <Name>System.Void Test.PartialClass::.ctor()</Name>
                <SequencePoints />
                <BranchPoints />
                <MethodPoint vc="3" uspid="55" ordinal="0" offset="0" />
              </Method>
            </Methods>
          </Class>
          <Class>
            <Summary numSequencePoints="15" visitedSequencePoints="15" numBranchPoints="1" visitedBranchPoints="1" sequenceCoverage="100" branchCoverage="100" maxCyclomaticComplexity="1" minCyclomaticComplexity="1" />
            <FullName>Test.Program</FullName>
            <Methods>
              <Method visited="true" cyclomaticComplexity="1" sequenceCoverage="100" branchCoverage="100" isConstructor="false" isStatic="true" isGetter="false" isSetter="false">
                <Summary numSequencePoints="15" visitedSequencePoints="15" numBranchPoints="1" visitedBranchPoints="1" sequenceCoverage="100" branchCoverage="100" maxCyclomaticComplexity="1" minCyclomaticComplexity="1" />
                <MetadataToken>100663327</MetadataToken>
                <Name>System.Void Test.Program::Main(System.String[])</Name>
                <FileRef uid="6" />
                <SequencePoints>
                  <SequencePoint vc="1" uspid="56" ordinal="0" offset="0" sl="7" sc="9" el="7" ec="10" bec="0" bev="0" fileid="6" />
                  <SequencePoint vc="1" uspid="57" ordinal="1" offset="1" sl="8" sc="13" el="8" ec="46" bec="0" bev="0" fileid="6" />
                  <SequencePoint vc="1" uspid="58" ordinal="2" offset="12" sl="10" sc="13" el="10" ec="53" bec="0" bev="0" fileid="6" />
                  <SequencePoint vc="1" uspid="59" ordinal="3" offset="28" sl="11" sc="13" el="11" ec="61" bec="0" bev="0" fileid="6" />
                  <SequencePoint vc="1" uspid="60" ordinal="4" offset="49" sl="13" sc="13" el="13" ec="51" bec="0" bev="0" fileid="6" />
                  <SequencePoint vc="1" uspid="61" ordinal="5" offset="60" sl="14" sc="13" el="14" ec="51" bec="0" bev="0" fileid="6" />
                  <SequencePoint vc="1" uspid="62" ordinal="6" offset="71" sl="15" sc="13" el="15" ec="51" bec="0" bev="0" fileid="6" />
                  <SequencePoint vc="1" uspid="63" ordinal="7" offset="84" sl="17" sc="13" el="17" ec="69" bec="0" bev="0" fileid="6" />
                  <SequencePoint vc="1" uspid="64" ordinal="8" offset="100" sl="18" sc="13" el="18" ec="69" bec="0" bev="0" fileid="6" />
                  <SequencePoint vc="1" uspid="65" ordinal="9" offset="116" sl="20" sc="13" el="20" ec="48" bec="0" bev="0" fileid="6" />
                  <SequencePoint vc="1" uspid="66" ordinal="10" offset="132" sl="22" sc="13" el="22" ec="54" bec="0" bev="0" fileid="6" />
                  <SequencePoint vc="1" uspid="67" ordinal="11" offset="143" sl="23" sc="13" el="23" ec="54" bec="0" bev="0" fileid="6" />
                  <SequencePoint vc="1" uspid="68" ordinal="12" offset="154" sl="25" sc="13" el="25" ec="65" bec="0" bev="0" fileid="6" />
                  <SequencePoint vc="1" uspid="69" ordinal="13" offset="166" sl="26" sc="13" el="26" ec="69" bec="0" bev="0" fileid="6" />
                  <SequencePoint vc="1" uspid="70" ordinal="14" offset="178" sl="27" sc="9" el="27" ec="10" bec="0" bev="0" fileid="6" />
                </SequencePoints>
                <BranchPoints />
                <MethodPoint xsi:type="SequencePoint" vc="1" uspid="56" ordinal="0" offset="0" sl="7" sc="9" el="7" ec="10" bec="0" bev="0" fileid="6" />
              </Method>
              <Method visited="false" cyclomaticComplexity="1" sequenceCoverage="0" branchCoverage="0" isConstructor="true" isStatic="false" isGetter="false" isSetter="false">
                <Summary numSequencePoints="0" visitedSequencePoints="0" numBranchPoints="0" visitedBranchPoints="0" sequenceCoverage="0" branchCoverage="0" maxCyclomaticComplexity="1" minCyclomaticComplexity="1" />
                <MetadataToken>100663328</MetadataToken>
                <Name>System.Void Test.Program::.ctor()</Name>
                <SequencePoints />
                <BranchPoints />
                <MethodPoint vc="0" uspid="71" ordinal="0" offset="0" />
              </Method>
            </Methods>
          </Class>
          <Class>
            <Summary numSequencePoints="12" visitedSequencePoints="9" numBranchPoints="5" visitedBranchPoints="3" sequenceCoverage="75" branchCoverage="60" maxCyclomaticComplexity="3" minCyclomaticComplexity="1" />
            <FullName>Test.TestClass</FullName>
            <Methods>
              <Method visited="true" cyclomaticComplexity="111" sequenceCoverage="222" branchCoverage="333" isConstructor="false" isStatic="false" isGetter="false" isSetter="false">
                <Summary numSequencePoints="12" visitedSequencePoints="9" numBranchPoints="5" visitedBranchPoints="3" sequenceCoverage="75" branchCoverage="60" maxCyclomaticComplexity="3" minCyclomaticComplexity="3" />
                <MetadataToken>100663329</MetadataToken>
                <Name>System.Void Test.TestClass::SampleFunction()</Name>
                <FileRef uid="7" />
                <SequencePoints>
                  <SequencePoint vc="1" uspid="72" ordinal="0" offset="0" sl="8" sc="9" el="8" ec="10" bec="0" bev="0" fileid="7" />
                  <SequencePoint vc="1" uspid="73" ordinal="1" offset="1" sl="9" sc="13" el="12" ec="27" bec="0" bev="0" fileid="7" />
                  <SequencePoint vc="1" uspid="74" ordinal="2" offset="22" sl="14" sc="13" el="14" ec="37" bec="0" bev="0" fileid="7" />
                  <SequencePoint vc="1" uspid="75" ordinal="3" offset="29" sl="15" sc="13" el="15" ec="24" bec="0" bev="0" fileid="7" />
                  <SequencePoint vc="1" uspid="76" ordinal="4" offset="32" sl="17" sc="13" el="17" ec="32" bec="4" bev="2" fileid="7" />
                  <SequencePoint vc="1" uspid="77" ordinal="5" offset="51" sl="18" sc="13" el="18" ec="14" bec="0" bev="0" fileid="7" />
                  <SequencePoint vc="1" uspid="78" ordinal="6" offset="52" sl="19" sc="17" el="19" ec="61" bec="0" bev="0" fileid="7" />
                  <SequencePoint vc="1" uspid="79" ordinal="7" offset="74" sl="20" sc="13" el="20" ec="14" bec="0" bev="0" fileid="7" />
                  <SequencePoint vc="0" uspid="80" ordinal="8" offset="77" sl="22" sc="13" el="22" ec="14" bec="0" bev="0" fileid="7" />
                  <SequencePoint vc="0" uspid="81" ordinal="9" offset="78" sl="23" sc="17" el="23" ec="65" bec="0" bev="0" fileid="7" />
                  <SequencePoint vc="0" uspid="82" ordinal="10" offset="100" sl="24" sc="13" el="24" ec="14" bec="0" bev="0" fileid="7" />
                  <SequencePoint vc="1" uspid="83" ordinal="11" offset="101" sl="25" sc="9" el="25" ec="10" bec="0" bev="0" fileid="7" />
                </SequencePoints>
                <BranchPoints>
                  <BranchPoint vc="0" uspid="84" ordinal="0" offset="34" sl="17" path="0" offsetchain="" offsetend="36" />
                  <BranchPoint vc="1" uspid="85" ordinal="1" offset="34" sl="17" path="1" offsetchain="" offsetend="45" />
                  <BranchPoint vc="1" uspid="86" ordinal="2" offset="49" sl="17" path="0" offsetchain="" offsetend="51" />
                  <BranchPoint vc="0" uspid="87" ordinal="3" offset="49" sl="17" path="1" offsetchain="" offsetend="77" />
                </BranchPoints>
                <MethodPoint xsi:type="SequencePoint" vc="1" uspid="72" ordinal="0" offset="0" sl="8" sc="9" el="8" ec="10" bec="0" bev="0" fileid="7" />
              </Method>
              <Method visited="true" cyclomaticComplexity="1" sequenceCoverage="0" branchCoverage="0" isConstructor="true" isStatic="false" isGetter="false" isSetter="false">
                <Summary numSequencePoints="0" visitedSequencePoints="0" numBranchPoints="0" visitedBranchPoints="0" sequenceCoverage="0" branchCoverage="0" maxCyclomaticComplexity="1" minCyclomaticComplexity="1" />
                <MetadataToken>100663330</MetadataToken>
                <Name>System.Void Test.TestClass::.ctor()</Name>
                <SequencePoints />
                <BranchPoints />
                <MethodPoint vc="1" uspid="88" ordinal="0" offset="0" />
              </Method>
            </Methods>
          </Class>
          <Class>
            <Summary numSequencePoints="3" visitedSequencePoints="0" numBranchPoints="1" visitedBranchPoints="0" sequenceCoverage="0" branchCoverage="0" maxCyclomaticComplexity="1" minCyclomaticComplexity="1" />
            <FullName>Test.TestClass/NestedClass</FullName>
            <Methods>
              <Method visited="false" cyclomaticComplexity="1" sequenceCoverage="0" branchCoverage="0" isConstructor="false" isStatic="false" isGetter="false" isSetter="false">
                <Summary numSequencePoints="3" visitedSequencePoints="0" numBranchPoints="1" visitedBranchPoints="0" sequenceCoverage="0" branchCoverage="0" maxCyclomaticComplexity="1" minCyclomaticComplexity="1" />
                <MetadataToken>100663331</MetadataToken>
                <Name>System.Void Test.TestClass/NestedClass::SampleFunction()</Name>
                <FileRef uid="7" />
                <SequencePoints>
                  <SequencePoint vc="0" uspid="89" ordinal="0" offset="0" sl="30" sc="13" el="30" ec="14" bec="0" bev="0" fileid="7" />
                  <SequencePoint vc="0" uspid="90" ordinal="1" offset="1" sl="31" sc="17" el="34" ec="31" bec="0" bev="0" fileid="7" />
                  <SequencePoint vc="0" uspid="91" ordinal="2" offset="22" sl="35" sc="13" el="35" ec="14" bec="0" bev="0" fileid="7" />
                </SequencePoints>
                <BranchPoints />
                <MethodPoint xsi:type="SequencePoint" vc="0" uspid="89" ordinal="0" offset="0" sl="30" sc="13" el="30" ec="14" bec="0" bev="0" fileid="7" />
              </Method>
              <Method visited="false" cyclomaticComplexity="1" sequenceCoverage="0" branchCoverage="0" isConstructor="true" isStatic="false" isGetter="false" isSetter="false">
                <Summary numSequencePoints="0" visitedSequencePoints="0" numBranchPoints="0" visitedBranchPoints="0" sequenceCoverage="0" branchCoverage="0" maxCyclomaticComplexity="1" minCyclomaticComplexity="1" />
                <MetadataToken>100663332</MetadataToken>
                <Name>System.Void Test.TestClass/NestedClass::.ctor()</Name>
                <SequencePoints />
                <BranchPoints />
                <MethodPoint vc="0" uspid="92" ordinal="0" offset="0" />
              </Method>
            </Methods>
          </Class>
          <Class>
            <Summary numSequencePoints="41" visitedSequencePoints="27" numBranchPoints="13" visitedBranchPoints="8" sequenceCoverage="65.85" branchCoverage="61.54" maxCyclomaticComplexity="5" minCyclomaticComplexity="1" />
            <FullName>Test.TestClass2</FullName>
            <Methods>
              <Method visited="true" cyclomaticComplexity="1" sequenceCoverage="0" branchCoverage="0" isConstructor="false" isStatic="false" isGetter="true" isSetter="false">
                <Summary numSequencePoints="0" visitedSequencePoints="0" numBranchPoints="0" visitedBranchPoints="0" sequenceCoverage="0" branchCoverage="0" maxCyclomaticComplexity="1" minCyclomaticComplexity="1" />
                <MetadataToken>100663333</MetadataToken>
                <Name>System.String Test.TestClass2::get_ExecutedProperty()</Name>
                <SequencePoints />
                <BranchPoints />
                <MethodPoint vc="1" uspid="93" ordinal="0" offset="0" />
              </Method>
              <Method visited="true" cyclomaticComplexity="1" sequenceCoverage="0" branchCoverage="0" isConstructor="false" isStatic="false" isGetter="false" isSetter="true">
                <Summary numSequencePoints="0" visitedSequencePoints="0" numBranchPoints="0" visitedBranchPoints="0" sequenceCoverage="0" branchCoverage="0" maxCyclomaticComplexity="1" minCyclomaticComplexity="1" />
                <MetadataToken>100663334</MetadataToken>
                <Name>System.Void Test.TestClass2::set_ExecutedProperty(System.String)</Name>
                <SequencePoints />
                <BranchPoints />
                <MethodPoint vc="2" uspid="94" ordinal="0" offset="0" />
              </Method>
              <Method visited="false" cyclomaticComplexity="1" sequenceCoverage="0" branchCoverage="0" isConstructor="false" isStatic="false" isGetter="true" isSetter="false">
                <Summary numSequencePoints="0" visitedSequencePoints="0" numBranchPoints="0" visitedBranchPoints="0" sequenceCoverage="0" branchCoverage="0" maxCyclomaticComplexity="1" minCyclomaticComplexity="1" />
                <MetadataToken>100663335</MetadataToken>
                <Name>System.String Test.TestClass2::get_UnExecutedProperty()</Name>
                <SequencePoints />
                <BranchPoints />
                <MethodPoint vc="0" uspid="95" ordinal="0" offset="0" />
              </Method>
              <Method visited="false" cyclomaticComplexity="1" sequenceCoverage="0" branchCoverage="0" isConstructor="false" isStatic="false" isGetter="false" isSetter="true">
                <Summary numSequencePoints="0" visitedSequencePoints="0" numBranchPoints="0" visitedBranchPoints="0" sequenceCoverage="0" branchCoverage="0" maxCyclomaticComplexity="1" minCyclomaticComplexity="1" />
                <MetadataToken>100663336</MetadataToken>
                <Name>System.Void Test.TestClass2::set_UnExecutedProperty(System.String)</Name>
                <SequencePoints />
                <BranchPoints />
                <MethodPoint vc="0" uspid="96" ordinal="0" offset="0" />
              </Method>
              <Method visited="false" cyclomaticComplexity="1" sequenceCoverage="0" branchCoverage="0" isConstructor="true" isStatic="false" isGetter="false" isSetter="false">
                <Summary numSequencePoints="6" visitedSequencePoints="0" numBranchPoints="1" visitedBranchPoints="0" sequenceCoverage="0" branchCoverage="0" maxCyclomaticComplexity="1" minCyclomaticComplexity="1" />
                <MetadataToken>100663337</MetadataToken>
                <Name>System.Void Test.TestClass2::.ctor()</Name>
                <FileRef uid="9" />
                <SequencePoints>
                  <SequencePoint vc="0" uspid="97" ordinal="0" offset="0" sl="11" sc="9" el="11" ec="78" bec="0" bev="0" fileid="9" />
                  <SequencePoint vc="0" uspid="98" ordinal="1" offset="11" sl="17" sc="9" el="17" ec="28" bec="0" bev="0" fileid="9" />
                  <SequencePoint vc="0" uspid="99" ordinal="2" offset="18" sl="18" sc="9" el="18" ec="10" bec="0" bev="0" fileid="9" />
                  <SequencePoint vc="0" uspid="100" ordinal="3" offset="19" sl="19" sc="13" el="19" ec="34" bec="0" bev="0" fileid="9" />
                  <SequencePoint vc="0" uspid="101" ordinal="4" offset="30" sl="20" sc="13" el="20" ec="46" bec="0" bev="0" fileid="9" />
                  <SequencePoint vc="0" uspid="102" ordinal="5" offset="42" sl="21" sc="9" el="21" ec="10" bec="0" bev="0" fileid="9" />
                </SequencePoints>
                <BranchPoints />
                <MethodPoint xsi:type="SequencePoint" vc="0" uspid="97" ordinal="0" offset="0" sl="11" sc="9" el="11" ec="78" bec="0" bev="0" fileid="9" />
              </Method>
              <Method visited="true" cyclomaticComplexity="1" sequenceCoverage="100" branchCoverage="100" isConstructor="true" isStatic="false" isGetter="false" isSetter="false">
                <Summary numSequencePoints="6" visitedSequencePoints="6" numBranchPoints="1" visitedBranchPoints="1" sequenceCoverage="100" branchCoverage="100" maxCyclomaticComplexity="1" minCyclomaticComplexity="1" />
                <MetadataToken>100663338</MetadataToken>
                <Name>System.Void Test.TestClass2::.ctor(System.String)</Name>
                <FileRef uid="9" />
                <SequencePoints>
                  <SequencePoint vc="2" uspid="103" ordinal="0" offset="0" sl="11" sc="9" el="11" ec="78" bec="0" bev="0" fileid="9" />
                  <SequencePoint vc="2" uspid="104" ordinal="1" offset="11" sl="23" sc="9" el="23" ec="39" bec="0" bev="0" fileid="9" />
                  <SequencePoint vc="2" uspid="105" ordinal="2" offset="18" sl="24" sc="9" el="24" ec="10" bec="0" bev="0" fileid="9" />
                  <SequencePoint vc="2" uspid="106" ordinal="3" offset="19" sl="25" sc="13" el="25" ec="30" bec="0" bev="0" fileid="9" />
                  <SequencePoint vc="2" uspid="107" ordinal="4" offset="26" sl="26" sc="13" el="26" ec="49" bec="0" bev="0" fileid="9" />
                  <SequencePoint vc="2" uspid="108" ordinal="5" offset="40" sl="27" sc="9" el="27" ec="10" bec="0" bev="0" fileid="9" />
                </SequencePoints>
                <BranchPoints />
                <MethodPoint xsi:type="SequencePoint" vc="2" uspid="103" ordinal="0" offset="0" sl="11" sc="9" el="11" ec="78" bec="0" bev="0" fileid="9" />
              </Method>
              <Method visited="true" cyclomaticComplexity="1" sequenceCoverage="100" branchCoverage="100" isConstructor="false" isStatic="false" isGetter="false" isSetter="false">
                <Summary numSequencePoints="4" visitedSequencePoints="4" numBranchPoints="1" visitedBranchPoints="1" sequenceCoverage="100" branchCoverage="100" maxCyclomaticComplexity="1" minCyclomaticComplexity="1" />
                <MetadataToken>100663339</MetadataToken>
                <Name>System.Void Test.TestClass2::ExecutedMethod()</Name>
                <FileRef uid="9" />
                <SequencePoints>
                  <SequencePoint vc="1" uspid="109" ordinal="0" offset="0" sl="30" sc="9" el="30" ec="10" bec="0" bev="0" fileid="9" />
                  <SequencePoint vc="1" uspid="110" ordinal="1" offset="1" sl="31" sc="13" el="31" ec="42" bec="0" bev="0" fileid="9" />
                  <SequencePoint vc="1" uspid="111" ordinal="2" offset="13" sl="32" sc="13" el="32" ec="54" bec="0" bev="0" fileid="9" />
                  <SequencePoint vc="1" uspid="112" ordinal="3" offset="25" sl="33" sc="9" el="33" ec="10" bec="0" bev="0" fileid="9" />
                </SequencePoints>
                <BranchPoints />
                <MethodPoint xsi:type="SequencePoint" vc="1" uspid="109" ordinal="0" offset="0" sl="30" sc="9" el="30" ec="10" bec="0" bev="0" fileid="9" />
              </Method>
              <Method visited="false" cyclomaticComplexity="1" sequenceCoverage="0" branchCoverage="0" isConstructor="false" isStatic="false" isGetter="false" isSetter="false">
                <Summary numSequencePoints="4" visitedSequencePoints="0" numBranchPoints="1" visitedBranchPoints="0" sequenceCoverage="0" branchCoverage="0" maxCyclomaticComplexity="1" minCyclomaticComplexity="1" />
                <MetadataToken>100663340</MetadataToken>
                <Name>System.Void Test.TestClass2::UnExecutedMethod()</Name>
                <FileRef uid="9" />
                <SequencePoints>
                  <SequencePoint vc="0" uspid="113" ordinal="0" offset="0" sl="36" sc="9" el="36" ec="10" bec="0" bev="0" fileid="9" />
                  <SequencePoint vc="0" uspid="114" ordinal="1" offset="1" sl="37" sc="13" el="37" ec="42" bec="0" bev="0" fileid="9" />
                  <SequencePoint vc="0" uspid="115" ordinal="2" offset="13" sl="38" sc="13" el="38" ec="54" bec="0" bev="0" fileid="9" />
                  <SequencePoint vc="0" uspid="116" ordinal="3" offset="25" sl="39" sc="9" el="39" ec="10" bec="0" bev="0" fileid="9" />
                </SequencePoints>
                <BranchPoints />
                <MethodPoint xsi:type="SequencePoint" vc="0" uspid="113" ordinal="0" offset="0" sl="36" sc="9" el="36" ec="10" bec="0" bev="0" fileid="9" />
              </Method>
              <Method visited="true" cyclomaticComplexity="5" sequenceCoverage="100" branchCoverage="71.43" isConstructor="false" isStatic="false" isGetter="false" isSetter="false">
                <Summary numSequencePoints="16" visitedSequencePoints="16" numBranchPoints="7" visitedBranchPoints="5" sequenceCoverage="100" branchCoverage="71.43" maxCyclomaticComplexity="5" minCyclomaticComplexity="5" />
                <MetadataToken>100663341</MetadataToken>
                <Name>System.Void Test.TestClass2::SampleFunction(System.String)</Name>
                <FileRef uid="9" />
                <SequencePoints>
                  <SequencePoint vc="1" uspid="117" ordinal="0" offset="15" sl="42" sc="9" el="42" ec="10" bec="0" bev="0" fileid="9" />
                  <SequencePoint vc="1" uspid="118" ordinal="1" offset="16" sl="43" sc="13" el="43" ec="53" bec="0" bev="0" fileid="9" />
                  <SequencePoint vc="1" uspid="119" ordinal="2" offset="34" sl="45" sc="13" el="45" ec="53" bec="2" bev="1" fileid="9" />
                  <SequencePoint vc="1" uspid="120" ordinal="3" offset="72" sl="47" sc="13" el="47" ec="20" bec="0" bev="0" fileid="9" />
                  <SequencePoint vc="1" uspid="121" ordinal="4" offset="73" sl="47" sc="34" el="47" ec="41" bec="0" bev="0" fileid="9" />
                  <SequencePoint vc="4" uspid="122" ordinal="5" offset="83" sl="47" sc="22" el="47" ec="30" bec="0" bev="0" fileid="9" />
                  <SequencePoint vc="4" uspid="123" ordinal="6" offset="91" sl="48" sc="13" el="48" ec="14" bec="0" bev="0" fileid="9" />
                  <SequencePoint vc="4" uspid="124" ordinal="7" offset="92" sl="49" sc="17" el="49" ec="41" bec="0" bev="0" fileid="9" />
                  <SequencePoint vc="4" uspid="125" ordinal="8" offset="99" sl="50" sc="13" el="50" ec="14" bec="0" bev="0" fileid="9" />
                  <SequencePoint vc="5" uspid="126" ordinal="9" offset="100" sl="47" sc="31" el="47" ec="33" bec="2" bev="2" fileid="9" />
                  <SequencePoint vc="1" uspid="127" ordinal="10" offset="136" sl="52" sc="13" el="52" ec="76" bec="0" bev="0" fileid="9" />
                  <SequencePoint vc="1" uspid="128" ordinal="11" offset="174" sl="54" sc="13" el="54" ec="105" bec="2" bev="1" fileid="9" />
                  <SequencePoint vc="1" uspid="129" ordinal="12" offset="202" sl="55" sc="13" el="55" ec="14" bec="0" bev="0" fileid="9" />
                  <SequencePoint vc="1" uspid="130" ordinal="13" offset="203" sl="56" sc="17" el="56" ec="52" bec="0" bev="0" fileid="9" />
                  <SequencePoint vc="1" uspid="131" ordinal="14" offset="226" sl="57" sc="13" el="57" ec="14" bec="0" bev="0" fileid="9" />
                  <SequencePoint vc="1" uspid="132" ordinal="15" offset="227" sl="58" sc="9" el="58" ec="10" bec="0" bev="0" fileid="9" />
                </SequencePoints>
                <BranchPoints>
                  <BranchPoint vc="1" uspid="134" ordinal="0" offset="40" sl="45" path="0" offsetchain="" offsetend="42" />
                  <BranchPoint vc="0" uspid="135" ordinal="1" offset="40" sl="45" path="1" offsetchain="" offsetend="61" />
                  <BranchPoint vc="1" uspid="136" ordinal="2" offset="111" sl="47" path="0" offsetchain="" offsetend="113" />
                  <BranchPoint vc="4" uspid="137" ordinal="3" offset="111" sl="47" path="1" offsetchain="" offsetend="83" />
                  <BranchPoint vc="1" uspid="138" ordinal="4" offset="200" sl="54" path="0" offsetchain="" offsetend="202" />
                  <BranchPoint vc="0" uspid="139" ordinal="5" offset="200" sl="54" path="1" offsetchain="" offsetend="227" />
                </BranchPoints>
                <MethodPoint vc="1" uspid="133" ordinal="0" offset="0" />
              </Method>
              <Method visited="false" cyclomaticComplexity="1" sequenceCoverage="0" branchCoverage="0" isConstructor="false" isStatic="false" isGetter="false" isSetter="false">
                <Summary numSequencePoints="4" visitedSequencePoints="0" numBranchPoints="1" visitedBranchPoints="0" sequenceCoverage="0" branchCoverage="0" maxCyclomaticComplexity="1" minCyclomaticComplexity="1" />
                <MetadataToken>100663342</MetadataToken>
                <Name>System.String Test.TestClass2::DoSomething(System.String,System.String[],System.Guid,System.Collections.Generic.IEnumerable`1&lt;System.String&gt;,System.Collections.Generic.IList`1&lt;System.String&gt;,System.Decimal,System.Int32,System.Collections.Generic.Dictionary`2&lt;System.String,System.Int32&gt;,System.Int32&amp;,System.Single,System.Double,System.Boolean,System.Byte,System.Char,System.Object,System.SByte,System.Int16,System.UInt32,System.UInt64,System.UInt16)</Name>
                <FileRef uid="9" />
                <SequencePoints>
                  <SequencePoint vc="0" uspid="140" ordinal="0" offset="0" sl="80" sc="9" el="80" ec="10" bec="0" bev="0" fileid="9" />
                  <SequencePoint vc="0" uspid="141" ordinal="1" offset="1" sl="81" sc="13" el="81" ec="19" bec="0" bev="0" fileid="9" />
                  <SequencePoint vc="0" uspid="142" ordinal="2" offset="5" sl="82" sc="13" el="82" ec="25" bec="0" bev="0" fileid="9" />
                  <SequencePoint vc="0" uspid="143" ordinal="3" offset="9" sl="83" sc="9" el="83" ec="10" bec="0" bev="0" fileid="9" />
                </SequencePoints>
                <BranchPoints />
                <MethodPoint xsi:type="SequencePoint" vc="0" uspid="140" ordinal="0" offset="0" sl="80" sc="9" el="80" ec="10" bec="0" bev="0" fileid="9" />
              </Method>
              <Method visited="true" cyclomaticComplexity="1" sequenceCoverage="100" branchCoverage="100" isConstructor="false" isStatic="true" isGetter="false" isSetter="false">
                <Summary numSequencePoints="1" visitedSequencePoints="1" numBranchPoints="1" visitedBranchPoints="1" sequenceCoverage="100" branchCoverage="100" maxCyclomaticComplexity="1" minCyclomaticComplexity="1" />
                <MetadataToken>100663343</MetadataToken>
                <Name>System.Int32 Test.TestClass2::&lt;SampleFunction&gt;b__0(System.Int32)</Name>
                <FileRef uid="9" />
                <SequencePoints>
                  <SequencePoint vc="4" uspid="144" ordinal="0" offset="0" sl="45" sc="46" el="45" ec="51" bec="0" bev="0" fileid="9" />
                </SequencePoints>
                <BranchPoints />
                <MethodPoint xsi:type="SequencePoint" vc="4" uspid="144" ordinal="0" offset="0" sl="45" sc="46" el="45" ec="51" bec="0" bev="0" fileid="9" />
              </Method>
            </Methods>
          </Class>
          <Class>
            <Summary numSequencePoints="1" visitedSequencePoints="1" numBranchPoints="1" visitedBranchPoints="1" sequenceCoverage="100" branchCoverage="100" maxCyclomaticComplexity="1" minCyclomaticComplexity="1" />
            <FullName>Test.TestClass2/&lt;&gt;c__DisplayClass3</FullName>
            <Methods>
              <Method visited="true" cyclomaticComplexity="1" sequenceCoverage="0" branchCoverage="0" isConstructor="true" isStatic="false" isGetter="false" isSetter="false">
                <Summary numSequencePoints="0" visitedSequencePoints="0" numBranchPoints="0" visitedBranchPoints="0" sequenceCoverage="0" branchCoverage="0" maxCyclomaticComplexity="1" minCyclomaticComplexity="1" />
                <MetadataToken>100663344</MetadataToken>
                <Name>System.Void Test.TestClass2/&lt;&gt;c__DisplayClass3::.ctor()</Name>
                <SequencePoints />
                <BranchPoints />
                <MethodPoint vc="1" uspid="145" ordinal="0" offset="0" />
              </Method>
              <Method visited="true" cyclomaticComplexity="1" sequenceCoverage="100" branchCoverage="100" isConstructor="false" isStatic="false" isGetter="false" isSetter="false">
                <Summary numSequencePoints="1" visitedSequencePoints="1" numBranchPoints="1" visitedBranchPoints="1" sequenceCoverage="100" branchCoverage="100" maxCyclomaticComplexity="1" minCyclomaticComplexity="1" />
                <MetadataToken>100663345</MetadataToken>
                <Name>System.Boolean Test.TestClass2/&lt;&gt;c__DisplayClass3::&lt;SampleFunction&gt;b__1(System.String)</Name>
                <FileRef uid="9" />
                <SequencePoints>
                  <SequencePoint vc="3" uspid="146" ordinal="0" offset="0" sl="54" sc="45" el="54" ec="95" bec="0" bev="0" fileid="9" />
                </SequencePoints>
                <BranchPoints />
                <MethodPoint xsi:type="SequencePoint" vc="3" uspid="146" ordinal="0" offset="0" sl="54" sc="45" el="54" ec="95" bec="0" bev="0" fileid="9" />
              </Method>
            </Methods>
          </Class>
          <Class>
            <Summary numSequencePoints="0" visitedSequencePoints="0" numBranchPoints="0" visitedBranchPoints="0" sequenceCoverage="0" branchCoverage="0" maxCyclomaticComplexity="0" minCyclomaticComplexity="0" />
            <FullName>&lt;PrivateImplementationDetails&gt;{F3884DA4-FC0C-4E74-B1F5-2C044EEAC1F7}</FullName>
            <Methods />
          </Class>
        </Classes>
      </Module>
      <Module skippedDueTo="Filter" hash="24-C5-37-06-22-07-B7-4C-91-22-CC-AD-F3-D8-3C-92-47-66-A0-88">
        <FullName>C:\Windows\Microsoft.Net\assembly\GAC_MSIL\System.Core\v4.0_4.0.0.0__b77a5c561934e089\System.Core.dll</FullName>
        <ModuleName>System.Core</ModuleName>
        <Classes />
      </Module>
    </Modules>
  </CoverageSession>
  <CoverageSession xmlns:xsd="http://www.w3.org/2001/XMLSchema" xmlns:xsi="http://www.w3.org/2001/XMLSchema-instance">
    <Summary numSequencePoints="110" visitedSequencePoints="75" numBranchPoints="33" visitedBranchPoints="20" sequenceCoverage="68.18" branchCoverage="60.61" maxCyclomaticComplexity="5" minCyclomaticComplexity="0" />
    <Modules>
      <Module skippedDueTo="Filter" hash="1C-14-EF-7D-5A-01-7B-5A-59-2C-0B-20-CA-15-5F-9F-6F-18-E5-6C">
        <FullName>C:\Windows\Microsoft.Net\assembly\GAC_64\mscorlib\v4.0_4.0.0.0__b77a5c561934e089\mscorlib.dll</FullName>
        <ModuleName>mscorlib</ModuleName>
        <Classes />
      </Module>
      <Module hash="87-8A-6A-09-8E-5D-53-7B-6C-7B-F8-53-DF-AF-6B-02-DA-C7-92-F2">
        <Summary numSequencePoints="110" visitedSequencePoints="75" numBranchPoints="33" visitedBranchPoints="20" sequenceCoverage="68.18" branchCoverage="60.61" maxCyclomaticComplexity="5" minCyclomaticComplexity="0" />
        <FullName>C:\temp\Test.exe</FullName>
        <ModuleName>Test</ModuleName>
        <Files>
          <File uid="1" fullPath="C:\temp\ClassWithExcludes.cs" />
          <File uid="2" fullPath="C:\temp\GenericClass.cs" />
          <File uid="4" fullPath="C:\temp\PartialClass2.cs" />
          <File uid="5" fullPath="C:\temp\PartialClass.cs" />
          <File uid="6" fullPath="C:\temp\Program.cs" />
          <File uid="7" fullPath="C:\temp\TestClass.cs" />
          <File uid="9" fullPath="C:\temp\TestClass2.cs" />
        </Files>
        <Classes>
          <Class>
            <Summary numSequencePoints="0" visitedSequencePoints="0" numBranchPoints="0" visitedBranchPoints="0" sequenceCoverage="0" branchCoverage="0" maxCyclomaticComplexity="0" minCyclomaticComplexity="0" />
            <FullName>&lt;Module&gt;</FullName>
            <Methods />
          </Class>
          <Class>
            <Summary numSequencePoints="3" visitedSequencePoints="3" numBranchPoints="1" visitedBranchPoints="1" sequenceCoverage="100" branchCoverage="100" maxCyclomaticComplexity="1" minCyclomaticComplexity="1" />
            <FullName>Test.ClassWithExcludes</FullName>
            <Methods>
              <Method visited="false" cyclomaticComplexity="1" sequenceCoverage="0" branchCoverage="0" isConstructor="false" isStatic="false" isGetter="true" isSetter="false">
                <Summary numSequencePoints="0" visitedSequencePoints="0" numBranchPoints="0" visitedBranchPoints="0" sequenceCoverage="0" branchCoverage="0" maxCyclomaticComplexity="1" minCyclomaticComplexity="1" />
                <MetadataToken>100663297</MetadataToken>
                <Name>System.String Test.ClassWithExcludes::get_IncludedProperty()</Name>
                <SequencePoints />
                <BranchPoints />
                <MethodPoint vc="0" uspid="1" ordinal="0" offset="0" />
              </Method>
              <Method visited="true" cyclomaticComplexity="1" sequenceCoverage="0" branchCoverage="0" isConstructor="false" isStatic="false" isGetter="false" isSetter="true">
                <Summary numSequencePoints="0" visitedSequencePoints="0" numBranchPoints="0" visitedBranchPoints="0" sequenceCoverage="0" branchCoverage="0" maxCyclomaticComplexity="1" minCyclomaticComplexity="1" />
                <MetadataToken>100663298</MetadataToken>
                <Name>System.Void Test.ClassWithExcludes::set_IncludedProperty(System.String)</Name>
                <SequencePoints />
                <BranchPoints />
                <MethodPoint vc="1" uspid="2" ordinal="0" offset="0" />
              </Method>
              <Method skippedDueTo="Attribute" visited="false" cyclomaticComplexity="1" sequenceCoverage="0" branchCoverage="0" isConstructor="false" isStatic="false" isGetter="true" isSetter="false">
                <MetadataToken>100663299</MetadataToken>
                <Name>System.String Test.ClassWithExcludes::get_ExcludedProperty()</Name>
              </Method>
              <Method skippedDueTo="Attribute" visited="false" cyclomaticComplexity="1" sequenceCoverage="0" branchCoverage="0" isConstructor="false" isStatic="false" isGetter="false" isSetter="true">
                <MetadataToken>100663300</MetadataToken>
                <Name>System.Void Test.ClassWithExcludes::set_ExcludedProperty(System.String)</Name>
              </Method>
              <Method visited="true" cyclomaticComplexity="1" sequenceCoverage="100" branchCoverage="100" isConstructor="false" isStatic="false" isGetter="false" isSetter="false">
                <Summary numSequencePoints="3" visitedSequencePoints="3" numBranchPoints="1" visitedBranchPoints="1" sequenceCoverage="100" branchCoverage="100" maxCyclomaticComplexity="1" minCyclomaticComplexity="1" />
                <MetadataToken>100663301</MetadataToken>
                <Name>System.Void Test.ClassWithExcludes::IncludedMethod()</Name>
                <FileRef uid="1" />
                <SequencePoints>
                  <SequencePoint vc="1" uspid="3" ordinal="0" offset="0" sl="12" sc="9" el="12" ec="10" bec="0" bev="0" fileid="1" />
                  <SequencePoint vc="1" uspid="4" ordinal="1" offset="1" sl="13" sc="13" el="13" ec="44" bec="0" bev="0" fileid="1" />
                  <SequencePoint vc="1" uspid="5" ordinal="2" offset="13" sl="14" sc="9" el="14" ec="10" bec="0" bev="0" fileid="1" />
                </SequencePoints>
                <BranchPoints />
                <MethodPoint xsi:type="SequencePoint" vc="1" uspid="3" ordinal="0" offset="0" sl="12" sc="9" el="12" ec="10" bec="0" bev="0" fileid="1" />
              </Method>
              <Method skippedDueTo="Attribute" visited="false" cyclomaticComplexity="1" sequenceCoverage="0" branchCoverage="0" isConstructor="false" isStatic="false" isGetter="false" isSetter="false">
                <MetadataToken>100663302</MetadataToken>
                <Name>System.Void Test.ClassWithExcludes::ExcludedMethod()</Name>
                <FileRef uid="1" />
              </Method>
              <Method visited="true" cyclomaticComplexity="1" sequenceCoverage="0" branchCoverage="0" isConstructor="true" isStatic="false" isGetter="false" isSetter="false">
                <Summary numSequencePoints="0" visitedSequencePoints="0" numBranchPoints="0" visitedBranchPoints="0" sequenceCoverage="0" branchCoverage="0" maxCyclomaticComplexity="1" minCyclomaticComplexity="1" />
                <MetadataToken>100663303</MetadataToken>
                <Name>System.Void Test.ClassWithExcludes::.ctor()</Name>
                <SequencePoints />
                <BranchPoints />
                <MethodPoint vc="2" uspid="6" ordinal="0" offset="0" />
              </Method>
            </Methods>
          </Class>
          <Class skippedDueTo="Attribute">
            <FullName>Test.CoverageExcludeAttribute</FullName>
            <Methods />
          </Class>
          <Class>
            <Summary numSequencePoints="3" visitedSequencePoints="0" numBranchPoints="1" visitedBranchPoints="0" sequenceCoverage="0" branchCoverage="0" maxCyclomaticComplexity="1" minCyclomaticComplexity="1" />
            <FullName>Test.AbstractGenericClass`2</FullName>
            <Methods>
              <Method visited="false" cyclomaticComplexity="1" sequenceCoverage="0" branchCoverage="0" isConstructor="false" isStatic="false" isGetter="false" isSetter="false">
                <Summary numSequencePoints="3" visitedSequencePoints="0" numBranchPoints="1" visitedBranchPoints="0" sequenceCoverage="0" branchCoverage="0" maxCyclomaticComplexity="1" minCyclomaticComplexity="1" />
                <MetadataToken>100663306</MetadataToken>
                <Name>System.Boolean Test.AbstractGenericClass`2::PostProcess(Test.ISomeObjectInterface`2&lt;TModel,TState&gt;)</Name>
                <FileRef uid="2" />
                <SequencePoints>
                  <SequencePoint vc="0" uspid="7" ordinal="0" offset="0" sl="12" sc="9" el="12" ec="10" bec="0" bev="0" fileid="2" />
                  <SequencePoint vc="0" uspid="8" ordinal="1" offset="1" sl="13" sc="13" el="13" ec="25" bec="0" bev="0" fileid="2" />
                  <SequencePoint vc="0" uspid="9" ordinal="2" offset="5" sl="14" sc="9" el="14" ec="10" bec="0" bev="0" fileid="2" />
                </SequencePoints>
                <BranchPoints />
                <MethodPoint xsi:type="SequencePoint" vc="0" uspid="7" ordinal="0" offset="0" sl="12" sc="9" el="12" ec="10" bec="0" bev="0" fileid="2" />
              </Method>
              <Method visited="true" cyclomaticComplexity="1" sequenceCoverage="0" branchCoverage="0" isConstructor="true" isStatic="false" isGetter="false" isSetter="false">
                <Summary numSequencePoints="0" visitedSequencePoints="0" numBranchPoints="0" visitedBranchPoints="0" sequenceCoverage="0" branchCoverage="0" maxCyclomaticComplexity="1" minCyclomaticComplexity="1" />
                <MetadataToken>100663307</MetadataToken>
                <Name>System.Void Test.AbstractGenericClass`2::.ctor()</Name>
                <SequencePoints />
                <BranchPoints />
                <MethodPoint vc="2" uspid="10" ordinal="0" offset="0" />
              </Method>
            </Methods>
          </Class>
          <Class>
            <Summary numSequencePoints="8" visitedSequencePoints="8" numBranchPoints="2" visitedBranchPoints="2" sequenceCoverage="100" branchCoverage="100" maxCyclomaticComplexity="1" minCyclomaticComplexity="1" />
            <FullName>Test.GenericClass`2</FullName>
            <Methods>
              <Method visited="true" cyclomaticComplexity="1" sequenceCoverage="100" branchCoverage="100" isConstructor="false" isStatic="false" isGetter="false" isSetter="false">
                <Summary numSequencePoints="4" visitedSequencePoints="4" numBranchPoints="1" visitedBranchPoints="1" sequenceCoverage="100" branchCoverage="100" maxCyclomaticComplexity="1" minCyclomaticComplexity="1" />
                <MetadataToken>100663308</MetadataToken>
                <Name>System.Boolean Test.GenericClass`2::Process(Test.ISomeObjectInterface`2&lt;TModel,TState&gt;)</Name>
                <FileRef uid="2" />
                <SequencePoints>
                  <SequencePoint vc="1" uspid="11" ordinal="0" offset="0" sl="22" sc="9" el="22" ec="10" bec="0" bev="0" fileid="2" />
                  <SequencePoint vc="1" uspid="12" ordinal="1" offset="1" sl="23" sc="13" el="23" ec="42" bec="0" bev="0" fileid="2" />
                  <SequencePoint vc="1" uspid="13" ordinal="2" offset="12" sl="24" sc="13" el="24" ec="25" bec="0" bev="0" fileid="2" />
                  <SequencePoint vc="1" uspid="14" ordinal="3" offset="16" sl="25" sc="9" el="25" ec="10" bec="0" bev="0" fileid="2" />
                </SequencePoints>
                <BranchPoints />
                <MethodPoint xsi:type="SequencePoint" vc="1" uspid="11" ordinal="0" offset="0" sl="22" sc="9" el="22" ec="10" bec="0" bev="0" fileid="2" />
              </Method>
              <Method visited="true" cyclomaticComplexity="1" sequenceCoverage="100" branchCoverage="100" isConstructor="false" isStatic="false" isGetter="false" isSetter="false">
                <Summary numSequencePoints="4" visitedSequencePoints="4" numBranchPoints="1" visitedBranchPoints="1" sequenceCoverage="100" branchCoverage="100" maxCyclomaticComplexity="1" minCyclomaticComplexity="1" />
                <MetadataToken>100663309</MetadataToken>
                <Name>System.Boolean Test.GenericClass`2::PostProcess(Test.ISomeObjectInterface`2&lt;TModel,TState&gt;)</Name>
                <FileRef uid="2" />
                <SequencePoints>
                  <SequencePoint vc="1" uspid="15" ordinal="0" offset="0" sl="28" sc="9" el="28" ec="10" bec="0" bev="0" fileid="2" />
                  <SequencePoint vc="1" uspid="16" ordinal="1" offset="1" sl="29" sc="13" el="29" ec="46" bec="0" bev="0" fileid="2" />
                  <SequencePoint vc="1" uspid="17" ordinal="2" offset="12" sl="30" sc="13" el="30" ec="25" bec="0" bev="0" fileid="2" />
                  <SequencePoint vc="1" uspid="18" ordinal="3" offset="16" sl="31" sc="9" el="31" ec="10" bec="0" bev="0" fileid="2" />
                </SequencePoints>
                <BranchPoints />
                <MethodPoint xsi:type="SequencePoint" vc="1" uspid="15" ordinal="0" offset="0" sl="28" sc="9" el="28" ec="10" bec="0" bev="0" fileid="2" />
              </Method>
              <Method visited="true" cyclomaticComplexity="1" sequenceCoverage="0" branchCoverage="0" isConstructor="true" isStatic="false" isGetter="false" isSetter="false">
                <Summary numSequencePoints="0" visitedSequencePoints="0" numBranchPoints="0" visitedBranchPoints="0" sequenceCoverage="0" branchCoverage="0" maxCyclomaticComplexity="1" minCyclomaticComplexity="1" />
                <MetadataToken>100663310</MetadataToken>
                <Name>System.Void Test.GenericClass`2::.ctor()</Name>
                <SequencePoints />
                <BranchPoints />
                <MethodPoint vc="2" uspid="19" ordinal="0" offset="0" />
              </Method>
            </Methods>
          </Class>
          <Class>
            <Summary numSequencePoints="0" visitedSequencePoints="0" numBranchPoints="0" visitedBranchPoints="0" sequenceCoverage="0" branchCoverage="0" maxCyclomaticComplexity="1" minCyclomaticComplexity="1" />
            <FullName>Test.SomeModel</FullName>
            <Methods>
              <Method visited="false" cyclomaticComplexity="1" sequenceCoverage="0" branchCoverage="0" isConstructor="true" isStatic="false" isGetter="false" isSetter="false">
                <Summary numSequencePoints="0" visitedSequencePoints="0" numBranchPoints="0" visitedBranchPoints="0" sequenceCoverage="0" branchCoverage="0" maxCyclomaticComplexity="1" minCyclomaticComplexity="1" />
                <MetadataToken>100663311</MetadataToken>
                <Name>System.Void Test.SomeModel::.ctor()</Name>
                <SequencePoints />
                <BranchPoints />
                <MethodPoint vc="0" uspid="20" ordinal="0" offset="0" />
              </Method>
            </Methods>
          </Class>
          <Class>
            <Summary numSequencePoints="0" visitedSequencePoints="0" numBranchPoints="0" visitedBranchPoints="0" sequenceCoverage="0" branchCoverage="0" maxCyclomaticComplexity="1" minCyclomaticComplexity="1" />
            <FullName>Test.SomeClass</FullName>
            <Methods>
              <Method visited="false" cyclomaticComplexity="1" sequenceCoverage="0" branchCoverage="0" isConstructor="false" isStatic="false" isGetter="true" isSetter="false">
                <Summary numSequencePoints="0" visitedSequencePoints="0" numBranchPoints="0" visitedBranchPoints="0" sequenceCoverage="0" branchCoverage="0" maxCyclomaticComplexity="1" minCyclomaticComplexity="1" />
                <MetadataToken>100663312</MetadataToken>
                <Name>System.String Test.SomeClass::get_Property1()</Name>
                <SequencePoints />
                <BranchPoints />
                <MethodPoint vc="0" uspid="21" ordinal="0" offset="0" />
              </Method>
              <Method visited="true" cyclomaticComplexity="1" sequenceCoverage="0" branchCoverage="0" isConstructor="false" isStatic="false" isGetter="false" isSetter="true">
                <Summary numSequencePoints="0" visitedSequencePoints="0" numBranchPoints="0" visitedBranchPoints="0" sequenceCoverage="0" branchCoverage="0" maxCyclomaticComplexity="1" minCyclomaticComplexity="1" />
                <MetadataToken>100663313</MetadataToken>
                <Name>System.Void Test.SomeClass::set_Property1(System.String)</Name>
                <SequencePoints />
                <BranchPoints />
                <MethodPoint vc="1" uspid="22" ordinal="0" offset="0" />
              </Method>
              <Method visited="true" cyclomaticComplexity="1" sequenceCoverage="0" branchCoverage="0" isConstructor="true" isStatic="false" isGetter="false" isSetter="false">
                <Summary numSequencePoints="0" visitedSequencePoints="0" numBranchPoints="0" visitedBranchPoints="0" sequenceCoverage="0" branchCoverage="0" maxCyclomaticComplexity="1" minCyclomaticComplexity="1" />
                <MetadataToken>100663314</MetadataToken>
                <Name>System.Void Test.SomeClass::.ctor()</Name>
                <SequencePoints />
                <BranchPoints />
                <MethodPoint vc="1" uspid="23" ordinal="0" offset="0" />
              </Method>
            </Methods>
          </Class>
          <Class>
            <Summary numSequencePoints="0" visitedSequencePoints="0" numBranchPoints="0" visitedBranchPoints="0" sequenceCoverage="0" branchCoverage="0" maxCyclomaticComplexity="1" minCyclomaticComplexity="1" />
            <FullName>Test.PartialClassWithAutoProperties</FullName>
            <Methods>
              <Method visited="false" cyclomaticComplexity="1" sequenceCoverage="0" branchCoverage="0" isConstructor="false" isStatic="false" isGetter="true" isSetter="false">
                <Summary numSequencePoints="0" visitedSequencePoints="0" numBranchPoints="0" visitedBranchPoints="0" sequenceCoverage="0" branchCoverage="0" maxCyclomaticComplexity="1" minCyclomaticComplexity="1" />
                <MetadataToken>100663315</MetadataToken>
                <Name>System.String Test.PartialClassWithAutoProperties::get_Property2()</Name>
                <SequencePoints />
                <BranchPoints />
                <MethodPoint vc="0" uspid="24" ordinal="0" offset="0" />
              </Method>
              <Method visited="true" cyclomaticComplexity="1" sequenceCoverage="0" branchCoverage="0" isConstructor="false" isStatic="false" isGetter="false" isSetter="true">
                <Summary numSequencePoints="0" visitedSequencePoints="0" numBranchPoints="0" visitedBranchPoints="0" sequenceCoverage="0" branchCoverage="0" maxCyclomaticComplexity="1" minCyclomaticComplexity="1" />
                <MetadataToken>100663316</MetadataToken>
                <Name>System.Void Test.PartialClassWithAutoProperties::set_Property2(System.String)</Name>
                <SequencePoints />
                <BranchPoints />
                <MethodPoint vc="1" uspid="25" ordinal="0" offset="0" />
              </Method>
              <Method visited="false" cyclomaticComplexity="1" sequenceCoverage="0" branchCoverage="0" isConstructor="false" isStatic="false" isGetter="true" isSetter="false">
                <Summary numSequencePoints="0" visitedSequencePoints="0" numBranchPoints="0" visitedBranchPoints="0" sequenceCoverage="0" branchCoverage="0" maxCyclomaticComplexity="1" minCyclomaticComplexity="1" />
                <MetadataToken>100663317</MetadataToken>
                <Name>System.String Test.PartialClassWithAutoProperties::get_Property1()</Name>
                <SequencePoints />
                <BranchPoints />
                <MethodPoint vc="0" uspid="26" ordinal="0" offset="0" />
              </Method>
              <Method visited="true" cyclomaticComplexity="1" sequenceCoverage="0" branchCoverage="0" isConstructor="false" isStatic="false" isGetter="false" isSetter="true">
                <Summary numSequencePoints="0" visitedSequencePoints="0" numBranchPoints="0" visitedBranchPoints="0" sequenceCoverage="0" branchCoverage="0" maxCyclomaticComplexity="1" minCyclomaticComplexity="1" />
                <MetadataToken>100663318</MetadataToken>
                <Name>System.Void Test.PartialClassWithAutoProperties::set_Property1(System.String)</Name>
                <SequencePoints />
                <BranchPoints />
                <MethodPoint vc="1" uspid="27" ordinal="0" offset="0" />
              </Method>
              <Method visited="true" cyclomaticComplexity="1" sequenceCoverage="0" branchCoverage="0" isConstructor="true" isStatic="false" isGetter="false" isSetter="false">
                <Summary numSequencePoints="0" visitedSequencePoints="0" numBranchPoints="0" visitedBranchPoints="0" sequenceCoverage="0" branchCoverage="0" maxCyclomaticComplexity="1" minCyclomaticComplexity="1" />
                <MetadataToken>100663319</MetadataToken>
                <Name>System.Void Test.PartialClassWithAutoProperties::.ctor()</Name>
                <SequencePoints />
                <BranchPoints />
                <MethodPoint vc="2" uspid="28" ordinal="0" offset="0" />
              </Method>
            </Methods>
          </Class>
          <Class>
            <Summary numSequencePoints="24" visitedSequencePoints="12" numBranchPoints="8" visitedBranchPoints="4" sequenceCoverage="50" branchCoverage="50" maxCyclomaticComplexity="2" minCyclomaticComplexity="1" />
            <FullName>Test.PartialClass</FullName>
            <Methods>
[...]
                  <SequencePoint vc="0" uspid="91" ordinal="2" offset="22" sl="35" sc="13" el="35" ec="14" bec="0" bev="0" fileid="7" />
                </SequencePoints>
                <BranchPoints />
                <MethodPoint xsi:type="SequencePoint" vc="0" uspid="89" ordinal="0" offset="0" sl="30" sc="13" el="30" ec="14" bec="0" bev="0" fileid="7" />
              </Method>
              <Method visited="false" cyclomaticComplexity="1" sequenceCoverage="0" branchCoverage="0" isConstructor="true" isStatic="false" isGetter="false" isSetter="false">
                <Summary numSequencePoints="0" visitedSequencePoints="0" numBranchPoints="0" visitedBranchPoints="0" sequenceCoverage="0" branchCoverage="0" maxCyclomaticComplexity="1" minCyclomaticComplexity="1" />
                <MetadataToken>100663332</MetadataToken>
                <Name>System.Void Test.TestClass/NestedClass::.ctor()</Name>
                <SequencePoints />
                <BranchPoints />
                <MethodPoint vc="0" uspid="92" ordinal="0" offset="0" />
              </Method>
            </Methods>
          </Class>
          <Class>
            <Summary numSequencePoints="41" visitedSequencePoints="27" numBranchPoints="13" visitedBranchPoints="8" sequenceCoverage="65.85" branchCoverage="61.54" maxCyclomaticComplexity="5" minCyclomaticComplexity="1" />
            <FullName>Test.TestClass2</FullName>
            <Methods>
              <Method visited="true" cyclomaticComplexity="1" sequenceCoverage="0" branchCoverage="0" isConstructor="false" isStatic="false" isGetter="true" isSetter="false">
                <Summary numSequencePoints="0" visitedSequencePoints="0" numBranchPoints="0" visitedBranchPoints="0" sequenceCoverage="0" branchCoverage="0" maxCyclomaticComplexity="1" minCyclomaticComplexity="1" />
                <MetadataToken>100663333</MetadataToken>
                <Name>System.String Test.TestClass2::get_ExecutedProperty()</Name>
                <SequencePoints />
                <BranchPoints />
                <MethodPoint vc="1" uspid="93" ordinal="0" offset="0" />
              </Method>
              <Method visited="true" cyclomaticComplexity="1" sequenceCoverage="0" branchCoverage="0" isConstructor="false" isStatic="false" isGetter="false" isSetter="true">
                <Summary numSequencePoints="0" visitedSequencePoints="0" numBranchPoints="0" visitedBranchPoints="0" sequenceCoverage="0" branchCoverage="0" maxCyclomaticComplexity="1" minCyclomaticComplexity="1" />
                <MetadataToken>100663334</MetadataToken>
                <Name>System.Void Test.TestClass2::set_ExecutedProperty(System.String)</Name>
                <SequencePoints />
                <BranchPoints />
                <MethodPoint vc="2" uspid="94" ordinal="0" offset="0" />
              </Method>
              <Method visited="false" cyclomaticComplexity="1" sequenceCoverage="0" branchCoverage="0" isConstructor="false" isStatic="false" isGetter="true" isSetter="false">
                <Summary numSequencePoints="0" visitedSequencePoints="0" numBranchPoints="0" visitedBranchPoints="0" sequenceCoverage="0" branchCoverage="0" maxCyclomaticComplexity="1" minCyclomaticComplexity="1" />
                <MetadataToken>100663335</MetadataToken>
                <Name>System.String Test.TestClass2::get_UnExecutedProperty()</Name>
                <SequencePoints />
                <BranchPoints />
                <MethodPoint vc="0" uspid="95" ordinal="0" offset="0" />
              </Method>
              <Method visited="false" cyclomaticComplexity="1" sequenceCoverage="0" branchCoverage="0" isConstructor="false" isStatic="false" isGetter="false" isSetter="true">
                <Summary numSequencePoints="0" visitedSequencePoints="0" numBranchPoints="0" visitedBranchPoints="0" sequenceCoverage="0" branchCoverage="0" maxCyclomaticComplexity="1" minCyclomaticComplexity="1" />
                <MetadataToken>100663336</MetadataToken>
                <Name>System.Void Test.TestClass2::set_UnExecutedProperty(System.String)</Name>
                <SequencePoints />
                <BranchPoints />
                <MethodPoint vc="0" uspid="96" ordinal="0" offset="0" />
              </Method>
              <Method visited="false" cyclomaticComplexity="1" sequenceCoverage="0" branchCoverage="0" isConstructor="true" isStatic="false" isGetter="false" isSetter="false">
                <Summary numSequencePoints="6" visitedSequencePoints="0" numBranchPoints="1" visitedBranchPoints="0" sequenceCoverage="0" branchCoverage="0" maxCyclomaticComplexity="1" minCyclomaticComplexity="1" />
                <MetadataToken>100663337</MetadataToken>
                <Name>System.Void Test.TestClass2::.ctor()</Name>
                <FileRef uid="9" />
                <SequencePoints>
                  <SequencePoint vc="0" uspid="97" ordinal="0" offset="0" sl="11" sc="9" el="11" ec="78" bec="0" bev="0" fileid="9" />
                  <SequencePoint vc="0" uspid="98" ordinal="1" offset="11" sl="17" sc="9" el="17" ec="28" bec="0" bev="0" fileid="9" />
                  <SequencePoint vc="0" uspid="99" ordinal="2" offset="18" sl="18" sc="9" el="18" ec="10" bec="0" bev="0" fileid="9" />
                  <SequencePoint vc="0" uspid="100" ordinal="3" offset="19" sl="19" sc="13" el="19" ec="34" bec="0" bev="0" fileid="9" />
                  <SequencePoint vc="0" uspid="101" ordinal="4" offset="30" sl="20" sc="13" el="20" ec="46" bec="0" bev="0" fileid="9" />
                  <SequencePoint vc="0" uspid="102" ordinal="5" offset="42" sl="21" sc="9" el="21" ec="10" bec="0" bev="0" fileid="9" />
                </SequencePoints>
                <BranchPoints />
                <MethodPoint xsi:type="SequencePoint" vc="0" uspid="97" ordinal="0" offset="0" sl="11" sc="9" el="11" ec="78" bec="0" bev="0" fileid="9" />
              </Method>
              <Method visited="true" cyclomaticComplexity="1" sequenceCoverage="100" branchCoverage="100" isConstructor="true" isStatic="false" isGetter="false" isSetter="false">
                <Summary numSequencePoints="6" visitedSequencePoints="6" numBranchPoints="1" visitedBranchPoints="1" sequenceCoverage="100" branchCoverage="100" maxCyclomaticComplexity="1" minCyclomaticComplexity="1" />
                <MetadataToken>100663338</MetadataToken>
                <Name>System.Void Test.TestClass2::.ctor(System.String)</Name>
                <FileRef uid="9" />
                <SequencePoints>
                  <SequencePoint vc="2" uspid="103" ordinal="0" offset="0" sl="11" sc="9" el="11" ec="78" bec="0" bev="0" fileid="9" />
                  <SequencePoint vc="2" uspid="104" ordinal="1" offset="11" sl="23" sc="9" el="23" ec="39" bec="0" bev="0" fileid="9" />
                  <SequencePoint vc="2" uspid="105" ordinal="2" offset="18" sl="24" sc="9" el="24" ec="10" bec="0" bev="0" fileid="9" />
                  <SequencePoint vc="2" uspid="106" ordinal="3" offset="19" sl="25" sc="13" el="25" ec="30" bec="0" bev="0" fileid="9" />
                  <SequencePoint vc="2" uspid="107" ordinal="4" offset="26" sl="26" sc="13" el="26" ec="49" bec="0" bev="0" fileid="9" />
                  <SequencePoint vc="2" uspid="108" ordinal="5" offset="40" sl="27" sc="9" el="27" ec="10" bec="0" bev="0" fileid="9" />
                </SequencePoints>
                <BranchPoints />
                <MethodPoint xsi:type="SequencePoint" vc="2" uspid="103" ordinal="0" offset="0" sl="11" sc="9" el="11" ec="78" bec="0" bev="0" fileid="9" />
              </Method>
              <Method visited="true" cyclomaticComplexity="1" sequenceCoverage="100" branchCoverage="100" isConstructor="false" isStatic="false" isGetter="false" isSetter="false">
                <Summary numSequencePoints="4" visitedSequencePoints="4" numBranchPoints="1" visitedBranchPoints="1" sequenceCoverage="100" branchCoverage="100" maxCyclomaticComplexity="1" minCyclomaticComplexity="1" />
                <MetadataToken>100663339</MetadataToken>
                <Name>System.Void Test.TestClass2::ExecutedMethod()</Name>
                <FileRef uid="9" />
                <SequencePoints>
                  <SequencePoint vc="1" uspid="109" ordinal="0" offset="0" sl="30" sc="9" el="30" ec="10" bec="0" bev="0" fileid="9" />
                  <SequencePoint vc="1" uspid="110" ordinal="1" offset="1" sl="31" sc="13" el="31" ec="42" bec="0" bev="0" fileid="9" />
                  <SequencePoint vc="1" uspid="111" ordinal="2" offset="13" sl="32" sc="13" el="32" ec="54" bec="0" bev="0" fileid="9" />
                  <SequencePoint vc="1" uspid="112" ordinal="3" offset="25" sl="33" sc="9" el="33" ec="10" bec="0" bev="0" fileid="9" />
                </SequencePoints>
                <BranchPoints />
                <MethodPoint xsi:type="SequencePoint" vc="1" uspid="109" ordinal="0" offset="0" sl="30" sc="9" el="30" ec="10" bec="0" bev="0" fileid="9" />
              </Method>
              <Method visited="false" cyclomaticComplexity="1" sequenceCoverage="0" branchCoverage="0" isConstructor="false" isStatic="false" isGetter="false" isSetter="false">
                <Summary numSequencePoints="4" visitedSequencePoints="0" numBranchPoints="1" visitedBranchPoints="0" sequenceCoverage="0" branchCoverage="0" maxCyclomaticComplexity="1" minCyclomaticComplexity="1" />
                <MetadataToken>100663340</MetadataToken>
                <Name>System.Void Test.TestClass2::UnExecutedMethod()</Name>
                <FileRef uid="9" />
                <SequencePoints>
                  <SequencePoint vc="0" uspid="113" ordinal="0" offset="0" sl="36" sc="9" el="36" ec="10" bec="0" bev="0" fileid="9" />
                  <SequencePoint vc="0" uspid="114" ordinal="1" offset="1" sl="37" sc="13" el="37" ec="42" bec="0" bev="0" fileid="9" />
                  <SequencePoint vc="0" uspid="115" ordinal="2" offset="13" sl="38" sc="13" el="38" ec="54" bec="0" bev="0" fileid="9" />
                  <SequencePoint vc="0" uspid="116" ordinal="3" offset="25" sl="39" sc="9" el="39" ec="10" bec="0" bev="0" fileid="9" />
                </SequencePoints>
                <BranchPoints />
                <MethodPoint xsi:type="SequencePoint" vc="0" uspid="113" ordinal="0" offset="0" sl="36" sc="9" el="36" ec="10" bec="0" bev="0" fileid="9" />
              </Method>
              <Method visited="true" cyclomaticComplexity="5" sequenceCoverage="100" branchCoverage="71.43" isConstructor="false" isStatic="false" isGetter="false" isSetter="false">
                <Summary numSequencePoints="16" visitedSequencePoints="16" numBranchPoints="7" visitedBranchPoints="5" sequenceCoverage="100" branchCoverage="71.43" maxCyclomaticComplexity="5" minCyclomaticComplexity="5" />
                <MetadataToken>100663341</MetadataToken>
                <Name>System.Void Test.TestClass2::SampleFunction(System.String)</Name>
                <FileRef uid="9" />
                <SequencePoints>
                  <SequencePoint vc="1" uspid="117" ordinal="0" offset="15" sl="42" sc="9" el="42" ec="10" bec="0" bev="0" fileid="9" />
                  <SequencePoint vc="1" uspid="118" ordinal="1" offset="16" sl="43" sc="13" el="43" ec="53" bec="0" bev="0" fileid="9" />
                  <SequencePoint vc="1" uspid="119" ordinal="2" offset="34" sl="45" sc="13" el="45" ec="53" bec="2" bev="1" fileid="9" />
                  <SequencePoint vc="1" uspid="120" ordinal="3" offset="72" sl="47" sc="13" el="47" ec="20" bec="0" bev="0" fileid="9" />
                  <SequencePoint vc="1" uspid="121" ordinal="4" offset="73" sl="47" sc="34" el="47" ec="41" bec="0" bev="0" fileid="9" />
                  <SequencePoint vc="4" uspid="122" ordinal="5" offset="83" sl="47" sc="22" el="47" ec="30" bec="0" bev="0" fileid="9" />
                  <SequencePoint vc="4" uspid="123" ordinal="6" offset="91" sl="48" sc="13" el="48" ec="14" bec="0" bev="0" fileid="9" />
                  <SequencePoint vc="4" uspid="124" ordinal="7" offset="92" sl="49" sc="17" el="49" ec="41" bec="0" bev="0" fileid="9" />
                  <SequencePoint vc="4" uspid="125" ordinal="8" offset="99" sl="50" sc="13" el="50" ec="14" bec="0" bev="0" fileid="9" />
                  <SequencePoint vc="5" uspid="126" ordinal="9" offset="100" sl="47" sc="31" el="47" ec="33" bec="2" bev="2" fileid="9" />
                  <SequencePoint vc="1" uspid="127" ordinal="10" offset="136" sl="52" sc="13" el="52" ec="76" bec="0" bev="0" fileid="9" />
                  <SequencePoint vc="1" uspid="128" ordinal="11" offset="174" sl="54" sc="13" el="54" ec="105" bec="2" bev="1" fileid="9" />
                  <SequencePoint vc="1" uspid="129" ordinal="12" offset="202" sl="55" sc="13" el="55" ec="14" bec="0" bev="0" fileid="9" />
                  <SequencePoint vc="1" uspid="130" ordinal="13" offset="203" sl="56" sc="17" el="56" ec="52" bec="0" bev="0" fileid="9" />
                  <SequencePoint vc="1" uspid="131" ordinal="14" offset="226" sl="57" sc="13" el="57" ec="14" bec="0" bev="0" fileid="9" />
                  <SequencePoint vc="1" uspid="132" ordinal="15" offset="227" sl="58" sc="9" el="58" ec="10" bec="0" bev="0" fileid="9" />
                </SequencePoints>
                <BranchPoints>
                  <BranchPoint vc="1" uspid="134" ordinal="0" offset="40" sl="45" path="0" offsetchain="" offsetend="42" />
                  <BranchPoint vc="0" uspid="135" ordinal="1" offset="40" sl="45" path="1" offsetchain="" offsetend="61" />
                  <BranchPoint vc="1" uspid="136" ordinal="2" offset="111" sl="47" path="0" offsetchain="" offsetend="113" />
                  <BranchPoint vc="4" uspid="137" ordinal="3" offset="111" sl="47" path="1" offsetchain="" offsetend="83" />
                  <BranchPoint vc="1" uspid="138" ordinal="4" offset="200" sl="54" path="0" offsetchain="" offsetend="202" />
                  <BranchPoint vc="0" uspid="139" ordinal="5" offset="200" sl="54" path="1" offsetchain="" offsetend="227" />
                </BranchPoints>
                <MethodPoint vc="1" uspid="133" ordinal="0" offset="0" />
              </Method>
              <Method visited="false" cyclomaticComplexity="1" sequenceCoverage="0" branchCoverage="0" isConstructor="false" isStatic="false" isGetter="false" isSetter="false">
                <Summary numSequencePoints="4" visitedSequencePoints="0" numBranchPoints="1" visitedBranchPoints="0" sequenceCoverage="0" branchCoverage="0" maxCyclomaticComplexity="1" minCyclomaticComplexity="1" />
                <MetadataToken>100663342</MetadataToken>
                <Name>System.String Test.TestClass2::DoSomething(System.String,System.String[],System.Guid,System.Collections.Generic.IEnumerable`1&lt;System.String&gt;,System.Collections.Generic.IList`1&lt;System.String&gt;,System.Decimal,System.Int32,System.Collections.Generic.Dictionary`2&lt;System.String,System.Int32&gt;,System.Int32&amp;,System.Single,System.Double,System.Boolean,System.Byte,System.Char,System.Object,System.SByte,System.Int16,System.UInt32,System.UInt64,System.UInt16)</Name>
                <FileRef uid="9" />
                <SequencePoints>
                  <SequencePoint vc="0" uspid="140" ordinal="0" offset="0" sl="80" sc="9" el="80" ec="10" bec="0" bev="0" fileid="9" />
                  <SequencePoint vc="0" uspid="141" ordinal="1" offset="1" sl="81" sc="13" el="81" ec="19" bec="0" bev="0" fileid="9" />
                  <SequencePoint vc="0" uspid="142" ordinal="2" offset="5" sl="82" sc="13" el="82" ec="25" bec="0" bev="0" fileid="9" />
                  <SequencePoint vc="0" uspid="143" ordinal="3" offset="9" sl="83" sc="9" el="83" ec="10" bec="0" bev="0" fileid="9" />
                </SequencePoints>
                <BranchPoints />
                <MethodPoint xsi:type="SequencePoint" vc="0" uspid="140" ordinal="0" offset="0" sl="80" sc="9" el="80" ec="10" bec="0" bev="0" fileid="9" />
              </Method>
              <Method visited="true" cyclomaticComplexity="1" sequenceCoverage="100" branchCoverage="100" isConstructor="false" isStatic="true" isGetter="false" isSetter="false">
                <Summary numSequencePoints="1" visitedSequencePoints="1" numBranchPoints="1" visitedBranchPoints="1" sequenceCoverage="100" branchCoverage="100" maxCyclomaticComplexity="1" minCyclomaticComplexity="1" />
                <MetadataToken>100663343</MetadataToken>
                <Name>System.Int32 Test.TestClass2::&lt;SampleFunction&gt;b__0(System.Int32)</Name>
                <FileRef uid="9" />
                <SequencePoints>
                  <SequencePoint vc="4" uspid="144" ordinal="0" offset="0" sl="45" sc="46" el="45" ec="51" bec="0" bev="0" fileid="9" />
                </SequencePoints>
                <BranchPoints />
                <MethodPoint xsi:type="SequencePoint" vc="4" uspid="144" ordinal="0" offset="0" sl="45" sc="46" el="45" ec="51" bec="0" bev="0" fileid="9" />
              </Method>
            </Methods>
          </Class>
          <Class>
            <Summary numSequencePoints="1" visitedSequencePoints="1" numBranchPoints="1" visitedBranchPoints="1" sequenceCoverage="100" branchCoverage="100" maxCyclomaticComplexity="1" minCyclomaticComplexity="1" />
            <FullName>Test.TestClass2/&lt;&gt;c__DisplayClass3</FullName>
            <Methods>
              <Method visited="true" cyclomaticComplexity="1" sequenceCoverage="0" branchCoverage="0" isConstructor="true" isStatic="false" isGetter="false" isSetter="false">
                <Summary numSequencePoints="0" visitedSequencePoints="0" numBranchPoints="0" visitedBranchPoints="0" sequenceCoverage="0" branchCoverage="0" maxCyclomaticComplexity="1" minCyclomaticComplexity="1" />
                <MetadataToken>100663344</MetadataToken>
                <Name>System.Void Test.TestClass2/&lt;&gt;c__DisplayClass3::.ctor()</Name>
                <SequencePoints />
                <BranchPoints />
                <MethodPoint vc="1" uspid="145" ordinal="0" offset="0" />
              </Method>
              <Method visited="true" cyclomaticComplexity="1" sequenceCoverage="100" branchCoverage="100" isConstructor="false" isStatic="false" isGetter="false" isSetter="false">
                <Summary numSequencePoints="1" visitedSequencePoints="1" numBranchPoints="1" visitedBranchPoints="1" sequenceCoverage="100" branchCoverage="100" maxCyclomaticComplexity="1" minCyclomaticComplexity="1" />
                <MetadataToken>100663345</MetadataToken>
                <Name>System.Boolean Test.TestClass2/&lt;&gt;c__DisplayClass3::&lt;SampleFunction&gt;b__1(System.String)</Name>
                <FileRef uid="9" />
                <SequencePoints>
                  <SequencePoint vc="3" uspid="146" ordinal="0" offset="0" sl="54" sc="45" el="54" ec="95" bec="0" bev="0" fileid="9" />
                </SequencePoints>
                <BranchPoints />
                <MethodPoint xsi:type="SequencePoint" vc="3" uspid="146" ordinal="0" offset="0" sl="54" sc="45" el="54" ec="95" bec="0" bev="0" fileid="9" />
              </Method>
            </Methods>
          </Class>
          <Class>
            <Summary numSequencePoints="0" visitedSequencePoints="0" numBranchPoints="0" visitedBranchPoints="0" sequenceCoverage="0" branchCoverage="0" maxCyclomaticComplexity="0" minCyclomaticComplexity="0" />
            <FullName>&lt;PrivateImplementationDetails&gt;{F3884DA4-FC0C-4E74-B1F5-2C044EEAC1F7}</FullName>
            <Methods />
          </Class>
        </Classes>
      </Module>
      <Module skippedDueTo="Filter" hash="24-C5-37-06-22-07-B7-4C-91-22-CC-AD-F3-D8-3C-92-47-66-A0-88">
        <FullName>C:\Windows\Microsoft.Net\assembly\GAC_MSIL\System.Core\v4.0_4.0.0.0__b77a5c561934e089\System.Core.dll</FullName>
        <ModuleName>System.Core</ModuleName>
        <Classes />
      </Module>
    </Modules>
  </CoverageSession>
</root>