        -:    0:Source:sub/calculator.cpp
        -:    0:Graph:main.gcno
        -:    0:Data:main.gcda
        -:    0:Runs:1
        -:    0:Programs:1
function _Z3Addii called 2 returned 100% blocks executed 100%
        2:    1:int Add(int a,int b){
        2:    2:  if (a > b)
branch  0 taken 1 (fallthrough)
branch  1 taken 1
        -:    3:  {
        1:    4:      return a + b;
unconditional  0 taken 1
        -:    5:  }
        -:    6:  else
        -:    7:  {
        1:    8:    return 42;
unconditional  0 taken 1
        -:    9:  }
        -:   10:}
